19:45:45.536 [main] DEBUG com.intuit.karate.Suite - [config] classpath:karate-config.js
19:45:45.555 [main] WARN  com.intuit.karate.Suite - failed to backup existing dir: target
19:45:45.571 [main] DEBUG com.intuit.karate.Suite - waiting for 9 features to complete
19:45:46.963 [main] INFO  com.intuit.karate - [print] http://10.161.169.27:8511/intraLogin 
19:45:47.369 [main] DEBUG com.intuit.karate - request:
1 > POST http://10.161.169.27:8511/intraLogin
1 > Content-Type: application/json; charset=UTF-8
1 > Content-Length: 39
1 > Host: 10.161.169.27:8511
1 > Connection: Keep-Alive
1 > User-Agent: Apache-HttpClient/4.5.14 (Java/17.0.12)
1 > Accept-Encoding: gzip,deflate
{"login":"tns01","clave":"T3st2024.+-"}

19:45:49.747 [main] ERROR com.intuit.karate - org.apache.http.conn.HttpHostConnectException: Connect to 10.161.169.27:8511 [/10.161.169.27] failed: Connection refused: no further information, http call failed after 2703 milliseconds for url: http://10.161.169.27:8511/intraLogin
19:45:49.756 [main] ERROR com.intuit.karate - classpath:api/loginToken.feature:13
When method POST
http call failed after 2703 milliseconds for url: http://10.161.169.27:8511/intraLogin
org.apache.http.conn.HttpHostConnectException: Connect to 10.161.169.27:8511 [/10.161.169.27] failed: Connection refused: no further information
classpath:api/loginToken.feature:13
19:45:49.764 [main] ERROR com.intuit.karate - classpath:api/obtenerEstacionPorId.feature:9
* def loginResponse = call read('classpath:api/loginToken.feature') { request: validBodyRequest }
http call failed after 2703 milliseconds for url: http://10.161.169.27:8511/intraLogin
org.apache.http.conn.HttpHostConnectException: Connect to 10.161.169.27:8511 [/10.161.169.27] failed: Connection refused: no further information
classpath:api/loginToken.feature:13
classpath:api/obtenerEstacionPorId.feature:9
19:45:50.494 [main] INFO  com.intuit.karate.Suite - <<fail>> feature 9 of 9 (0 remaining) classpath:api/obtenerEstacionPorId.feature
09:27:15.062 [main] DEBUG com.intuit.karate.Suite - [config] classpath:karate-config.js
09:27:15.100 [main] WARN  com.intuit.karate.Suite - failed to backup existing dir: target
09:27:15.114 [main] DEBUG com.intuit.karate.Suite - waiting for 9 features to complete
09:27:16.666 [main] INFO  com.intuit.karate - [print] http://ms-auth-oss-git-dev-front-oss.apps.tmve-nprod-1.tmve-qa.com/intraLogin 
09:27:17.149 [main] DEBUG com.intuit.karate - request:
1 > POST http://ms-auth-oss-git-dev-front-oss.apps.tmve-nprod-1.tmve-qa.com/intraLogin
1 > Content-Type: application/json; charset=UTF-8
1 > Content-Length: 39
1 > Host: ms-auth-oss-git-dev-front-oss.apps.tmve-nprod-1.tmve-qa.com
1 > Connection: Keep-Alive
1 > User-Agent: Apache-HttpClient/4.5.14 (Java/17.0.12)
1 > Accept-Encoding: gzip,deflate
{"login":"tns01","clave":"T3st2024.+-"}

09:27:18.761 [main] DEBUG com.intuit.karate - response time in milliseconds: 1606
1 < 200
1 < content-type: application/json
1 < content-length: 326
1 < set-cookie: 346a326bcc8fc21fd3f034fd94d160bb=b93258c5db05ebda8c79fad18868405b; path=/; HttpOnly
1 < Set-Cookie: 346a326bcc8fc21fd3f034fd94d160bb=b93258c5db05ebda8c79fad18868405b; path=/; HttpOnly
{"token":"eyJhbGciOiJIUzM4NCJ9.eyJjb2RFbXBsb3llZSI6IjIzNTBCOEZCMDM4NUMwQzlBQzA1MUFCMkQ4NUZFOUQwIiwic3ViIjoiZGVmYXVsdC1zdWJqZWN0IiwiaXNzIjoiZGVmYXVsdC1pc3N1ZXIiLCJwcmVmZXJyZWRfdXNlcm5hbWUiOiJkZWZhdWx0LXVzZXJuYW1lIiwiaWF0IjoxNzU2NDc0MDM3LCJleHAiOjE3NTY0Nzc2Mzd9.N-Lfj0PtL3zlhlaHEoSg4RaieihSDKZPy5p3lpELkanjYuZRdcblxD21s0vPhJMv"}

09:27:19.243 [main] INFO  com.intuit.karate - [print] === TIEMPO DE RESPUESTA DEL FEATURE loginToken === 1.606 s 
09:27:20.000 [main] INFO  com.intuit.karate.Suite - <<pass>> feature 7 of 9 (2 remaining) classpath:api/loginToken.feature
09:27:48.513 [main] DEBUG com.intuit.karate.Suite - [config] classpath:karate-config.js
09:27:48.523 [main] WARN  com.intuit.karate.Suite - failed to backup existing dir: target
09:27:48.531 [main] DEBUG com.intuit.karate.Suite - waiting for 9 features to complete
09:27:49.519 [main] INFO  com.intuit.karate - [print] http://ms-auth-oss-git-dev-front-oss.apps.tmve-nprod-1.tmve-qa.com/intraLogin 
09:27:49.811 [main] DEBUG com.intuit.karate - request:
1 > POST http://ms-auth-oss-git-dev-front-oss.apps.tmve-nprod-1.tmve-qa.com/intraLogin
1 > Content-Type: application/json; charset=UTF-8
1 > Content-Length: 39
1 > Host: ms-auth-oss-git-dev-front-oss.apps.tmve-nprod-1.tmve-qa.com
1 > Connection: Keep-Alive
1 > User-Agent: Apache-HttpClient/4.5.14 (Java/17.0.12)
1 > Accept-Encoding: gzip,deflate
{"login":"tns01","clave":"T3st2024.+-"}

09:27:50.339 [main] DEBUG com.intuit.karate - response time in milliseconds: 525
1 < 200
1 < content-type: application/json
1 < content-length: 326
1 < set-cookie: 346a326bcc8fc21fd3f034fd94d160bb=b93258c5db05ebda8c79fad18868405b; path=/; HttpOnly
1 < Set-Cookie: 346a326bcc8fc21fd3f034fd94d160bb=b93258c5db05ebda8c79fad18868405b; path=/; HttpOnly
{"token":"eyJhbGciOiJIUzM4NCJ9.eyJjb2RFbXBsb3llZSI6IjIwNUIzMEM0MTU0ODQ4ODU0NTRBODU1Q0JDODM4MzE2Iiwic3ViIjoiZGVmYXVsdC1zdWJqZWN0IiwiaXNzIjoiZGVmYXVsdC1pc3N1ZXIiLCJwcmVmZXJyZWRfdXNlcm5hbWUiOiJkZWZhdWx0LXVzZXJuYW1lIiwiaWF0IjoxNzU2NDc0MDY5LCJleHAiOjE3NTY0Nzc2Njl9.JIcKay5tcO6SlKDkwJ4tXZOCesK7193bhy7KHTrosMWeRauXWH3yDNgyMbr0cMcs"}

09:27:50.637 [main] INFO  com.intuit.karate - [print] === TIEMPO DE RESPUESTA DEL FEATURE loginToken === 0.525 s 
09:27:50.657 [main] ERROR com.intuit.karate - classpath:api/obtenerEstacionPorId.feature:22
When method GET
java.net.URISyntaxException: Illegal character in scheme name at index 0:  http://estaciones-bff-git-dev-front-oss.apps.tmve-nprod-1.tmve-qa.com//20
classpath:api/obtenerEstacionPorId.feature:22
09:27:51.295 [main] INFO  com.intuit.karate.Suite - <<fail>> feature 9 of 9 (0 remaining) classpath:api/obtenerEstacionPorId.feature
09:29:51.610 [main] DEBUG com.intuit.karate.Suite - [config] classpath:karate-config.js
09:29:51.635 [main] WARN  com.intuit.karate.Suite - failed to backup existing dir: target
09:29:51.644 [main] DEBUG com.intuit.karate.Suite - waiting for 9 features to complete
09:29:52.647 [main] INFO  com.intuit.karate - [print] http://ms-auth-oss-git-dev-front-oss.apps.tmve-nprod-1.tmve-qa.com/intraLogin 
09:29:52.950 [main] DEBUG com.intuit.karate - request:
1 > POST http://ms-auth-oss-git-dev-front-oss.apps.tmve-nprod-1.tmve-qa.com/intraLogin
1 > Content-Type: application/json; charset=UTF-8
1 > Content-Length: 39
1 > Host: ms-auth-oss-git-dev-front-oss.apps.tmve-nprod-1.tmve-qa.com
1 > Connection: Keep-Alive
1 > User-Agent: Apache-HttpClient/4.5.14 (Java/17.0.12)
1 > Accept-Encoding: gzip,deflate
{"login":"tns01","clave":"T3st2024.+-"}

09:29:54.805 [main] DEBUG com.intuit.karate - response time in milliseconds: 1855
1 < 200
1 < content-type: application/json
1 < content-length: 326
1 < set-cookie: 346a326bcc8fc21fd3f034fd94d160bb=b93258c5db05ebda8c79fad18868405b; path=/; HttpOnly
1 < Set-Cookie: 346a326bcc8fc21fd3f034fd94d160bb=b93258c5db05ebda8c79fad18868405b; path=/; HttpOnly
{"token":"eyJhbGciOiJIUzM4NCJ9.eyJjb2RFbXBsb3llZSI6IjJCN0I3RkFBMUE5QUJCNEU2NzMzMDhGMzI2MUQxN0FCIiwic3ViIjoiZGVmYXVsdC1zdWJqZWN0IiwiaXNzIjoiZGVmYXVsdC1pc3N1ZXIiLCJwcmVmZXJyZWRfdXNlcm5hbWUiOiJkZWZhdWx0LXVzZXJuYW1lIiwiaWF0IjoxNzU2NDc0MTk0LCJleHAiOjE3NTY0Nzc3OTR9.nlcjqxEyt4MJ1SmpsVc8LcO0HxlZJJ-Tj1kBtKG_7pNyBDT2RgBXqMDOoXItf20t"}

09:29:55.126 [main] INFO  com.intuit.karate - [print] === TIEMPO DE RESPUESTA DEL FEATURE loginToken === 1.855 s 
09:29:55.142 [main] DEBUG com.intuit.karate - request:
1 > GET https://estaciones-bff-git-dev-front-oss.apps.tmve-nprod-1.tmve-qa.com/api/v1/estaciones//20
1 > Content-Type: application/json
1 > X-USER-ID: E11011
1 > X-CORRELATION-ID: 1445|E11011|234234
1 > X-TOKEN-ID: eyJhbGciOiJIUzM4NCJ9.eyJjb2RFbXBsb3llZSI6IjJCN0I3RkFBMUE5QUJCNEU2NzMzMDhGMzI2MUQxN0FCIiwic3ViIjoiZGVmYXVsdC1zdWJqZWN0IiwiaXNzIjoiZGVmYXVsdC1pc3N1ZXIiLCJwcmVmZXJyZWRfdXNlcm5hbWUiOiJkZWZhdWx0LXVzZXJuYW1lIiwiaWF0IjoxNzU2NDc0MTk0LCJleHAiOjE3NTY0Nzc3OTR9.nlcjqxEyt4MJ1SmpsVc8LcO0HxlZJJ-Tj1kBtKG_7pNyBDT2RgBXqMDOoXItf20t
1 > Host: estaciones-bff-git-dev-front-oss.apps.tmve-nprod-1.tmve-qa.com
1 > Connection: Keep-Alive
1 > User-Agent: Apache-HttpClient/4.5.14 (Java/17.0.12)
1 > Accept-Encoding: gzip,deflate


09:29:55.575 [main] ERROR com.intuit.karate - javax.net.ssl.SSLHandshakeException: PKIX path building failed: sun.security.provider.certpath.SunCertPathBuilderException: unable to find valid certification path to requested target, http call failed after 433 milliseconds for url: https://estaciones-bff-git-dev-front-oss.apps.tmve-nprod-1.tmve-qa.com/api/v1/estaciones//20
09:29:55.582 [main] ERROR com.intuit.karate - classpath:api/obtenerEstacionPorId.feature:22
When method GET
http call failed after 433 milliseconds for url: https://estaciones-bff-git-dev-front-oss.apps.tmve-nprod-1.tmve-qa.com/api/v1/estaciones//20
javax.net.ssl.SSLHandshakeException: PKIX path building failed: sun.security.provider.certpath.SunCertPathBuilderException: unable to find valid certification path to requested target
classpath:api/obtenerEstacionPorId.feature:22
09:29:56.186 [main] INFO  com.intuit.karate.Suite - <<fail>> feature 9 of 9 (0 remaining) classpath:api/obtenerEstacionPorId.feature
09:30:30.233 [main] DEBUG com.intuit.karate.Suite - [config] classpath:karate-config.js
09:30:30.271 [main] WARN  com.intuit.karate.Suite - failed to backup existing dir: target
09:30:30.287 [main] DEBUG com.intuit.karate.Suite - waiting for 9 features to complete
09:30:31.497 [main] INFO  com.intuit.karate - [print] http://ms-auth-oss-git-dev-front-oss.apps.tmve-nprod-1.tmve-qa.com/intraLogin 
09:30:31.773 [main] DEBUG com.intuit.karate - request:
1 > POST http://ms-auth-oss-git-dev-front-oss.apps.tmve-nprod-1.tmve-qa.com/intraLogin
1 > Content-Type: application/json; charset=UTF-8
1 > Content-Length: 39
1 > Host: ms-auth-oss-git-dev-front-oss.apps.tmve-nprod-1.tmve-qa.com
1 > Connection: Keep-Alive
1 > User-Agent: Apache-HttpClient/4.5.14 (Java/17.0.12)
1 > Accept-Encoding: gzip,deflate
{"login":"tns01","clave":"T3st2024.+-"}

09:30:32.303 [main] DEBUG com.intuit.karate - response time in milliseconds: 526
1 < 200
1 < content-type: application/json
1 < content-length: 326
1 < set-cookie: 346a326bcc8fc21fd3f034fd94d160bb=b93258c5db05ebda8c79fad18868405b; path=/; HttpOnly
1 < Set-Cookie: 346a326bcc8fc21fd3f034fd94d160bb=b93258c5db05ebda8c79fad18868405b; path=/; HttpOnly
{"token":"eyJhbGciOiJIUzM4NCJ9.eyJjb2RFbXBsb3llZSI6IjlBRkYyMUY4RjQ3ODQwRkYzNjREOTg2NjBERUYwRkVGIiwic3ViIjoiZGVmYXVsdC1zdWJqZWN0IiwiaXNzIjoiZGVmYXVsdC1pc3N1ZXIiLCJwcmVmZXJyZWRfdXNlcm5hbWUiOiJkZWZhdWx0LXVzZXJuYW1lIiwiaWF0IjoxNzU2NDc0MjMxLCJleHAiOjE3NTY0Nzc4MzF9.aa9YHgKIZOGpAcZgnmTGslZp3pSlRAoJr7Ul9vno4WS31U4bljEM4sgWLLvQMANq"}

09:30:32.716 [main] INFO  com.intuit.karate - [print] === TIEMPO DE RESPUESTA DEL FEATURE loginToken === 0.526 s 
09:30:32.723 [main] DEBUG com.intuit.karate - request:
1 > GET http://estaciones-bff-git-dev-front-oss.apps.tmve-nprod-1.tmve-qa.com/api/v1/estaciones//20
1 > Content-Type: application/json
1 > X-USER-ID: E11011
1 > X-CORRELATION-ID: 1445|E11011|234234
1 > X-TOKEN-ID: eyJhbGciOiJIUzM4NCJ9.eyJjb2RFbXBsb3llZSI6IjlBRkYyMUY4RjQ3ODQwRkYzNjREOTg2NjBERUYwRkVGIiwic3ViIjoiZGVmYXVsdC1zdWJqZWN0IiwiaXNzIjoiZGVmYXVsdC1pc3N1ZXIiLCJwcmVmZXJyZWRfdXNlcm5hbWUiOiJkZWZhdWx0LXVzZXJuYW1lIiwiaWF0IjoxNzU2NDc0MjMxLCJleHAiOjE3NTY0Nzc4MzF9.aa9YHgKIZOGpAcZgnmTGslZp3pSlRAoJr7Ul9vno4WS31U4bljEM4sgWLLvQMANq
1 > Host: estaciones-bff-git-dev-front-oss.apps.tmve-nprod-1.tmve-qa.com
1 > Connection: Keep-Alive
1 > User-Agent: Apache-HttpClient/4.5.14 (Java/17.0.12)
1 > Accept-Encoding: gzip,deflate


09:30:33.253 [main] DEBUG com.intuit.karate - response time in milliseconds: 530
1 < 400
1 < content-length: 395
1 < content-type: application/json
1 < set-cookie: 7ebc866ebb4d2d727ca53353a6c0c030=739fd5a9a7733606de7260d59fb218e7; path=/; HttpOnly
1 < Set-Cookie: 7ebc866ebb4d2d727ca53353a6c0c030=739fd5a9a7733606de7260d59fb218e7; path=/; HttpOnly
{"success":false,"data":{"code":"400","status":"BAD_REQUEST","message":"Error injecting ve.com.telefonica.infrastructure.MDireccionesService ve.com.telefonica.domain.service.DefaultStationService.serviceDireccion","errors":["Error injecting ve.com.telefonica.infrastructure.MDireccionesService ve.com.telefonica.domain.service.DefaultStationService.serviceDireccion"]},"timestamp":1756474233064}

09:30:33.273 [main] ERROR com.intuit.karate - classpath:api/obtenerEstacionPorId.feature:23
Then status 200
status code was: 400, expected: 200, response time in milliseconds: 530, url: http://estaciones-bff-git-dev-front-oss.apps.tmve-nprod-1.tmve-qa.com/api/v1/estaciones//20, response: 
{"success":false,"data":{"code":"400","status":"BAD_REQUEST","message":"Error injecting ve.com.telefonica.infrastructure.MDireccionesService ve.com.telefonica.domain.service.DefaultStationService.serviceDireccion","errors":["Error injecting ve.com.telefonica.infrastructure.MDireccionesService ve.com.telefonica.domain.service.DefaultStationService.serviceDireccion"]},"timestamp":1756474233064}
classpath:api/obtenerEstacionPorId.feature:23
09:30:33.978 [main] INFO  com.intuit.karate.Suite - <<fail>> feature 9 of 9 (0 remaining) classpath:api/obtenerEstacionPorId.feature
09:36:58.350 [main] DEBUG com.intuit.karate.Suite - [config] classpath:karate-config.js
09:36:58.361 [main] WARN  com.intuit.karate.Suite - failed to backup existing dir: target
09:36:58.368 [main] DEBUG com.intuit.karate.Suite - waiting for 9 features to complete
09:36:59.588 [main] INFO  com.intuit.karate - [print] http://ms-auth-oss-git-dev-front-oss.apps.tmve-nprod-1.tmve-qa.com/intraLogin 
09:36:59.857 [main] DEBUG com.intuit.karate - request:
1 > POST http://ms-auth-oss-git-dev-front-oss.apps.tmve-nprod-1.tmve-qa.com/intraLogin
1 > Content-Type: application/json; charset=UTF-8
1 > Content-Length: 39
1 > Host: ms-auth-oss-git-dev-front-oss.apps.tmve-nprod-1.tmve-qa.com
1 > Connection: Keep-Alive
1 > User-Agent: Apache-HttpClient/4.5.14 (Java/17.0.12)
1 > Accept-Encoding: gzip,deflate
{"login":"tns01","clave":"T3st2024.+-"}

09:37:01.571 [main] DEBUG com.intuit.karate - response time in milliseconds: 1707
1 < 200
1 < content-type: application/json
1 < content-length: 326
1 < set-cookie: 346a326bcc8fc21fd3f034fd94d160bb=b93258c5db05ebda8c79fad18868405b; path=/; HttpOnly
1 < Set-Cookie: 346a326bcc8fc21fd3f034fd94d160bb=b93258c5db05ebda8c79fad18868405b; path=/; HttpOnly
{"token":"eyJhbGciOiJIUzM4NCJ9.eyJjb2RFbXBsb3llZSI6IjhDM0ZFRTcwMUU3RUI0QkVBNTREOTZBNjhFNTE1RTMwIiwic3ViIjoiZGVmYXVsdC1zdWJqZWN0IiwiaXNzIjoiZGVmYXVsdC1pc3N1ZXIiLCJwcmVmZXJyZWRfdXNlcm5hbWUiOiJkZWZhdWx0LXVzZXJuYW1lIiwiaWF0IjoxNzU2NDc0NjIxLCJleHAiOjE3NTY0NzgyMjF9.suUYUCNOwbkdWDC45p1xF6zdWJc1Mx_TMBjDtaKgjLrR09iJ4I8H-szcK1shkiCm"}

09:37:01.873 [main] INFO  com.intuit.karate - [print] === TIEMPO DE RESPUESTA DEL FEATURE loginToken === 1.707 s 
09:37:01.881 [main] INFO  com.intuit.karate - [print] TOKEN obtenido: eyJhbGciOiJIUzM4NCJ9.eyJjb2RFbXBsb3llZSI6IjhDM0ZFRTcwMUU3RUI0QkVBNTREOTZBNjhFNTE1RTMwIiwic3ViIjoiZGVmYXVsdC1zdWJqZWN0IiwiaXNzIjoiZGVmYXVsdC1pc3N1ZXIiLCJwcmVmZXJyZWRfdXNlcm5hbWUiOiJkZWZhdWx0LXVzZXJuYW1lIiwiaWF0IjoxNzU2NDc0NjIxLCJleHAiOjE3NTY0NzgyMjF9.suUYUCNOwbkdWDC45p1xF6zdWJc1Mx_TMBjDtaKgjLrR09iJ4I8H-szcK1shkiCm 
09:37:01.890 [main] DEBUG com.intuit.karate - request:
1 > POST http://estaciones-bff-git-dev-front-oss.apps.tmve-nprod-1.tmve-qa.com/api/v1/estaciones//export
1 > Content-Type: application/json
1 > X-USER-ID: E11011
1 > X-CORRELATION-ID: 1445|E11011|234234
1 > X-TOKEN-ID: eyJhbGciOiJIUzM4NCJ9.eyJjb2RFbXBsb3llZSI6IjhDM0ZFRTcwMUU3RUI0QkVBNTREOTZBNjhFNTE1RTMwIiwic3ViIjoiZGVmYXVsdC1zdWJqZWN0IiwiaXNzIjoiZGVmYXVsdC1pc3N1ZXIiLCJwcmVmZXJyZWRfdXNlcm5hbWUiOiJkZWZhdWx0LXVzZXJuYW1lIiwiaWF0IjoxNzU2NDc0NjIxLCJleHAiOjE3NTY0NzgyMjF9.suUYUCNOwbkdWDC45p1xF6zdWJc1Mx_TMBjDtaKgjLrR09iJ4I8H-szcK1shkiCm
1 > Host: estaciones-bff-git-dev-front-oss.apps.tmve-nprod-1.tmve-qa.com
1 > Connection: Keep-Alive
1 > User-Agent: Apache-HttpClient/4.5.14 (Java/17.0.12)
1 > Accept-Encoding: gzip,deflate


09:37:02.588 [main] DEBUG com.intuit.karate - response time in milliseconds: 698
1 < 400
1 < content-length: 395
1 < content-type: application/json
1 < set-cookie: 7ebc866ebb4d2d727ca53353a6c0c030=739fd5a9a7733606de7260d59fb218e7; path=/; HttpOnly
1 < Set-Cookie: 7ebc866ebb4d2d727ca53353a6c0c030=739fd5a9a7733606de7260d59fb218e7; path=/; HttpOnly
{"success":false,"data":{"code":"400","status":"BAD_REQUEST","message":"Error injecting ve.com.telefonica.infrastructure.MDireccionesService ve.com.telefonica.domain.service.DefaultStationService.serviceDireccion","errors":["Error injecting ve.com.telefonica.infrastructure.MDireccionesService ve.com.telefonica.domain.service.DefaultStationService.serviceDireccion"]},"timestamp":1756474622351}

09:37:02.599 [main] ERROR com.intuit.karate - classpath:api/export.feature:23
Then status 200
status code was: 400, expected: 200, response time in milliseconds: 698, url: http://estaciones-bff-git-dev-front-oss.apps.tmve-nprod-1.tmve-qa.com/api/v1/estaciones//export, response: 
{"success":false,"data":{"code":"400","status":"BAD_REQUEST","message":"Error injecting ve.com.telefonica.infrastructure.MDireccionesService ve.com.telefonica.domain.service.DefaultStationService.serviceDireccion","errors":["Error injecting ve.com.telefonica.infrastructure.MDireccionesService ve.com.telefonica.domain.service.DefaultStationService.serviceDireccion"]},"timestamp":1756474622351}
classpath:api/export.feature:23
09:37:03.185 [main] INFO  com.intuit.karate.Suite - <<fail>> feature 6 of 9 (3 remaining) classpath:api/export.feature
10:11:55.583 [main] DEBUG com.intuit.karate.Suite - [config] classpath:karate-config.js
10:11:55.592 [main] WARN  com.intuit.karate.Suite - failed to backup existing dir: target
10:11:55.601 [main] DEBUG com.intuit.karate.Suite - waiting for 9 features to complete
10:11:56.919 [main] INFO  com.intuit.karate - [print] http://ms-auth-oss-git-dev-front-oss.apps.tmve-nprod-1.tmve-qa.com/intraLogin 
10:11:57.267 [main] DEBUG com.intuit.karate - request:
1 > POST http://ms-auth-oss-git-dev-front-oss.apps.tmve-nprod-1.tmve-qa.com/intraLogin
1 > Content-Type: application/json; charset=UTF-8
1 > Content-Length: 39
1 > Host: ms-auth-oss-git-dev-front-oss.apps.tmve-nprod-1.tmve-qa.com
1 > Connection: Keep-Alive
1 > User-Agent: Apache-HttpClient/4.5.14 (Java/17.0.12)
1 > Accept-Encoding: gzip,deflate
{"login":"tns01","clave":"T3st2024.+-"}

10:11:58.189 [main] DEBUG com.intuit.karate - response time in milliseconds: 914
1 < 200
1 < content-type: application/json
1 < content-length: 326
1 < set-cookie: 346a326bcc8fc21fd3f034fd94d160bb=b93258c5db05ebda8c79fad18868405b; path=/; HttpOnly
1 < Set-Cookie: 346a326bcc8fc21fd3f034fd94d160bb=b93258c5db05ebda8c79fad18868405b; path=/; HttpOnly
{"token":"eyJhbGciOiJIUzM4NCJ9.eyJjb2RFbXBsb3llZSI6Ijg3QzI1MDI1QzI4OERFQTIyNTFGRTk1RTdFMjc3REIxIiwic3ViIjoiZGVmYXVsdC1zdWJqZWN0IiwiaXNzIjoiZGVmYXVsdC1pc3N1ZXIiLCJwcmVmZXJyZWRfdXNlcm5hbWUiOiJkZWZhdWx0LXVzZXJuYW1lIiwiaWF0IjoxNzU2NDc2NzE3LCJleHAiOjE3NTY0ODAzMTd9.sygv0dzkhuKCAO2MzgrFVUOohZ3cEUKc7KNoyHA3UukGdsZA6rFGKbV8Yl6x3GGx"}

10:11:58.577 [main] INFO  com.intuit.karate - [print] === TIEMPO DE RESPUESTA DEL FEATURE loginToken === 0.914 s 
10:11:58.589 [main] INFO  com.intuit.karate - [print] HEADERS usados en creacion de estacion: {
  "Content-Type": "application/json",
  "X-USER-ID": "E11011",
  "X-CORRELATION-ID": "1445|E11011|234234",
  "X-TOKEN-ID": "eyJhbGciOiJIUzM4NCJ9.eyJjb2RFbXBsb3llZSI6Ijg3QzI1MDI1QzI4OERFQTIyNTFGRTk1RTdFMjc3REIxIiwic3ViIjoiZGVmYXVsdC1zdWJqZWN0IiwiaXNzIjoiZGVmYXVsdC1pc3N1ZXIiLCJwcmVmZXJyZWRfdXNlcm5hbWUiOiJkZWZhdWx0LXVzZXJuYW1lIiwiaWF0IjoxNzU2NDc2NzE3LCJleHAiOjE3NTY0ODAzMTd9.sygv0dzkhuKCAO2MzgrFVUOohZ3cEUKc7KNoyHA3UukGdsZA6rFGKbV8Yl6x3GGx"
}
 
10:11:58.590 [main] INFO  com.intuit.karate - [print] TOKEN obtenido: eyJhbGciOiJIUzM4NCJ9.eyJjb2RFbXBsb3llZSI6Ijg3QzI1MDI1QzI4OERFQTIyNTFGRTk1RTdFMjc3REIxIiwic3ViIjoiZGVmYXVsdC1zdWJqZWN0IiwiaXNzIjoiZGVmYXVsdC1pc3N1ZXIiLCJwcmVmZXJyZWRfdXNlcm5hbWUiOiJkZWZhdWx0LXVzZXJuYW1lIiwiaWF0IjoxNzU2NDc2NzE3LCJleHAiOjE3NTY0ODAzMTd9.sygv0dzkhuKCAO2MzgrFVUOohZ3cEUKc7KNoyHA3UukGdsZA6rFGKbV8Yl6x3GGx 
10:11:58.657 [main] DEBUG com.intuit.karate - request:
1 > POST http://estaciones-bff-git-dev-front-oss.apps.tmve-nprod-1.tmve-qa.com/api/v1/estaciones/
1 > Content-Type: application/json; charset=UTF-8
1 > X-USER-ID: E11011
1 > X-CORRELATION-ID: 1445|E11011|234234
1 > X-TOKEN-ID: eyJhbGciOiJIUzM4NCJ9.eyJjb2RFbXBsb3llZSI6Ijg3QzI1MDI1QzI4OERFQTIyNTFGRTk1RTdFMjc3REIxIiwic3ViIjoiZGVmYXVsdC1zdWJqZWN0IiwiaXNzIjoiZGVmYXVsdC1pc3N1ZXIiLCJwcmVmZXJyZWRfdXNlcm5hbWUiOiJkZWZhdWx0LXVzZXJuYW1lIiwiaWF0IjoxNzU2NDc2NzE3LCJleHAiOjE3NTY0ODAzMTd9.sygv0dzkhuKCAO2MzgrFVUOohZ3cEUKc7KNoyHA3UukGdsZA6rFGKbV8Yl6x3GGx
1 > Content-Length: 826
1 > Host: estaciones-bff-git-dev-front-oss.apps.tmve-nprod-1.tmve-qa.com
1 > Connection: Keep-Alive
1 > User-Agent: Apache-HttpClient/4.5.14 (Java/17.0.12)
1 > Accept-Encoding: gzip,deflate
{"codigo":"","nombre":null,"regionId":null,"estadoId":null,"municipioId":1,"parroquiaId":1,"atributos":[{"tipo":"CAPACIDAD","valor":"800","descripcion":"Capacidad media"},{"tipo":"TECNOLOGIA","valor":"LTE","descripcion":"Tecnologia intermedia"}],"direccion":{"conglomerado":"CENTRO","nombreConglomerado":"Centro Comercial","inmueble":"EDIFICIO","nombreInmueble":"Torre Norte","piso":"3","numero":"456","vialidad":"AVENIDA","nombreVialidad":"Av. Norte","vialidad2":"CALLE","nombreVialidad2":"Calle Este","puntoReferencia":"Diagonal al hospital","codigoPostal":"1010","ciudad":"Ciudad Norte","parroquia":"Centro","municipio":"Capital","estado":"Distrito Capital","pais":"Venezuela","tipoUbicacion":"URBANA"},"codigoPais":"VE","mercadoId":1,"clusterId":1,"comentAprobacion":"Estacion incompleta","estatus":1,"createdBy":"E33033"}

10:11:59.143 [main] DEBUG com.intuit.karate - response time in milliseconds: 486
1 < 400
1 < content-length: 872
1 < content-type: application/json
1 < set-cookie: 7ebc866ebb4d2d727ca53353a6c0c030=734d6df9d2a531f96603fab754c67099; path=/; HttpOnly
1 < Set-Cookie: 7ebc866ebb4d2d727ca53353a6c0c030=734d6df9d2a531f96603fab754c67099; path=/; HttpOnly
{"success":false,"data":{"code":"400","status":"BAD_REQUEST","message":"create.request.regionId: must not be null, create.request.codigo: must not be empty, create.request.estadoId: must not be null, create.request.nombre: must not be empty, create.request.nombre: must not be null","errors":["ve.com.telefonica.application.resources.StationController_Subclass create.request.regionId: must not be null","ve.com.telefonica.application.resources.StationController_Subclass create.request.codigo: must not be empty","ve.com.telefonica.application.resources.StationController_Subclass create.request.estadoId: must not be null","ve.com.telefonica.application.resources.StationController_Subclass create.request.nombre: must not be empty","ve.com.telefonica.application.resources.StationController_Subclass create.request.nombre: must not be null"]},"timestamp":1756476719032}

10:11:59.165 [main] INFO  com.intuit.karate - [print] Error de validacion de campos faltantes: create.request.regionId: must not be null, create.request.codigo: must not be empty, create.request.estadoId: must not be null, create.request.nombre: must not be empty, create.request.nombre: must not be null 
10:11:59.165 [main] INFO  com.intuit.karate - [print] === TIEMPO DE RESPUESTA DEL FEATURE === 0.486 s 
10:11:59.829 [main] INFO  com.intuit.karate.Suite - <<pass>> feature 3 of 9 (6 remaining) classpath:api/crearEstacion.feature
10:21:20.539 [main] DEBUG com.intuit.karate.Suite - [config] classpath:karate-config.js
10:21:20.552 [main] WARN  com.intuit.karate.Suite - failed to backup existing dir: target
10:21:20.560 [main] DEBUG com.intuit.karate.Suite - waiting for 9 features to complete
10:21:21.587 [main] INFO  com.intuit.karate - [print] http://ms-auth-oss-git-dev-front-oss.apps.tmve-nprod-1.tmve-qa.com/intraLogin 
10:21:21.885 [main] DEBUG com.intuit.karate - request:
1 > POST http://ms-auth-oss-git-dev-front-oss.apps.tmve-nprod-1.tmve-qa.com/intraLogin
1 > Content-Type: application/json; charset=UTF-8
1 > Content-Length: 39
1 > Host: ms-auth-oss-git-dev-front-oss.apps.tmve-nprod-1.tmve-qa.com
1 > Connection: Keep-Alive
1 > User-Agent: Apache-HttpClient/4.5.14 (Java/17.0.12)
1 > Accept-Encoding: gzip,deflate
{"login":"tns01","clave":"T3st2024.+-"}

10:21:23.041 [main] DEBUG com.intuit.karate - response time in milliseconds: 1151
1 < 200
1 < content-type: application/json
1 < content-length: 326
1 < set-cookie: 346a326bcc8fc21fd3f034fd94d160bb=b93258c5db05ebda8c79fad18868405b; path=/; HttpOnly
1 < Set-Cookie: 346a326bcc8fc21fd3f034fd94d160bb=b93258c5db05ebda8c79fad18868405b; path=/; HttpOnly
{"token":"eyJhbGciOiJIUzM4NCJ9.eyJjb2RFbXBsb3llZSI6IjFEQUVCMUUzN0YyNDJBMTU5Q0JGMzA2ODZBNzYwRjdDIiwic3ViIjoiZGVmYXVsdC1zdWJqZWN0IiwiaXNzIjoiZGVmYXVsdC1pc3N1ZXIiLCJwcmVmZXJyZWRfdXNlcm5hbWUiOiJkZWZhdWx0LXVzZXJuYW1lIiwiaWF0IjoxNzU2NDc3MjgyLCJleHAiOjE3NTY0ODA4ODJ9.zlYVGQUPqePUCYF9rojtSuv3lyNkUouVzcOsgxCfqJPKT2vW63XpSg4e0mjYLggD"}

10:21:23.350 [main] INFO  com.intuit.karate - [print] === TIEMPO DE RESPUESTA DEL FEATURE loginToken === 1.151 s 
10:21:23.360 [main] INFO  com.intuit.karate - [print] HEADERS usados en creacion de estacion: {
  "Content-Type": "application/json",
  "X-USER-ID": "E11011",
  "X-CORRELATION-ID": "1445|E11011|234234",
  "X-TOKEN-ID": "eyJhbGciOiJIUzM4NCJ9.eyJjb2RFbXBsb3llZSI6IjFEQUVCMUUzN0YyNDJBMTU5Q0JGMzA2ODZBNzYwRjdDIiwic3ViIjoiZGVmYXVsdC1zdWJqZWN0IiwiaXNzIjoiZGVmYXVsdC1pc3N1ZXIiLCJwcmVmZXJyZWRfdXNlcm5hbWUiOiJkZWZhdWx0LXVzZXJuYW1lIiwiaWF0IjoxNzU2NDc3MjgyLCJleHAiOjE3NTY0ODA4ODJ9.zlYVGQUPqePUCYF9rojtSuv3lyNkUouVzcOsgxCfqJPKT2vW63XpSg4e0mjYLggD"
}
 
10:21:23.362 [main] INFO  com.intuit.karate - [print] TOKEN obtenido: eyJhbGciOiJIUzM4NCJ9.eyJjb2RFbXBsb3llZSI6IjFEQUVCMUUzN0YyNDJBMTU5Q0JGMzA2ODZBNzYwRjdDIiwic3ViIjoiZGVmYXVsdC1zdWJqZWN0IiwiaXNzIjoiZGVmYXVsdC1pc3N1ZXIiLCJwcmVmZXJyZWRfdXNlcm5hbWUiOiJkZWZhdWx0LXVzZXJuYW1lIiwiaWF0IjoxNzU2NDc3MjgyLCJleHAiOjE3NTY0ODA4ODJ9.zlYVGQUPqePUCYF9rojtSuv3lyNkUouVzcOsgxCfqJPKT2vW63XpSg4e0mjYLggD 
10:21:23.378 [main] DEBUG com.intuit.karate - request:
1 > POST http://estaciones-bff-git-dev-front-oss.apps.tmve-nprod-1.tmve-qa.com/api/v1/estaciones/
1 > Content-Type: application/json; charset=UTF-8
1 > X-USER-ID: E11011
1 > X-CORRELATION-ID: 1445|E11011|234234
1 > X-TOKEN-ID: eyJhbGciOiJIUzM4NCJ9.eyJjb2RFbXBsb3llZSI6IjFEQUVCMUUzN0YyNDJBMTU5Q0JGMzA2ODZBNzYwRjdDIiwic3ViIjoiZGVmYXVsdC1zdWJqZWN0IiwiaXNzIjoiZGVmYXVsdC1pc3N1ZXIiLCJwcmVmZXJyZWRfdXNlcm5hbWUiOiJkZWZhdWx0LXVzZXJuYW1lIiwiaWF0IjoxNzU2NDc3MjgyLCJleHAiOjE3NTY0ODA4ODJ9.zlYVGQUPqePUCYF9rojtSuv3lyNkUouVzcOsgxCfqJPKT2vW63XpSg4e0mjYLggD
1 > Content-Length: 813
1 > Host: estaciones-bff-git-dev-front-oss.apps.tmve-nprod-1.tmve-qa.com
1 > Connection: Keep-Alive
1 > User-Agent: Apache-HttpClient/4.5.14 (Java/17.0.12)
1 > Accept-Encoding: gzip,deflate
{"codigo":"krt60","nombre":"Estacion Movistar krt","regionId":1,"estadoId":1,"municipioId":1,"parroquiaId":1,"atributos":[{"Estacion Prueba1":"Prueba1","Estacion Prueba2":"Prueba2","Estacion Prueba3":"Prueba3"}],"direccion":{"conglomerado":"conglomerado","nombreConglomerado":"nombreConglomerado","inmueble":"inmueble","nombreInmueble":"nombreInmueble","piso":"1","numero":"1","vialidad":"7","nombreVialidad":"nombreVialidad","vialidad2":"vialidad2","nombreVialidad2":"nombreVialidad2","puntoReferencia":"puntoReferencia","codigoPostal":"codigoPostal","ciudad":"ciudad","parroquia":"parroquia","municipio":"municipio","estado":"estado","pais":"Venezuela","tipoUbicacion":"tipoUbicacion"},"codigoPais":"VE","mercadoId":1,"clusterId":0,"comentAprobacion":"Prueba krt","tmveOwner":true,"estatus":0,"createdBy":"krt"}

10:21:24.012 [main] DEBUG com.intuit.karate - response time in milliseconds: 634
1 < 400
1 < content-length: 302
1 < content-type: application/json
1 < set-cookie: 7ebc866ebb4d2d727ca53353a6c0c030=739fd5a9a7733606de7260d59fb218e7; path=/; HttpOnly
1 < Set-Cookie: 7ebc866ebb4d2d727ca53353a6c0c030=739fd5a9a7733606de7260d59fb218e7; path=/; HttpOnly
{"success":false,"data":{"code":"400","status":"BAD_REQUEST","message":"create.request.clusterId: must be greater than or equal to 1","errors":["ve.com.telefonica.application.resources.StationController_Subclass create.request.clusterId: must be greater than or equal to 1"]},"timestamp":1756477283900}

10:21:24.051 [main] INFO  com.intuit.karate - [print] Error por codigo duplicado: create.request.clusterId: must be greater than or equal to 1 
10:21:24.051 [main] INFO  com.intuit.karate - [print] === TIEMPO DE RESPUESTA DEL FEATURE === 0.634 s 
10:21:24.657 [main] INFO  com.intuit.karate.Suite - <<pass>> feature 3 of 9 (6 remaining) classpath:api/crearEstacion.feature
10:22:10.412 [main] DEBUG com.intuit.karate.Suite - [config] classpath:karate-config.js
10:22:10.424 [main] WARN  com.intuit.karate.Suite - failed to backup existing dir: target
10:22:10.434 [main] DEBUG com.intuit.karate.Suite - waiting for 9 features to complete
10:22:11.436 [main] INFO  com.intuit.karate - [print] http://ms-auth-oss-git-dev-front-oss.apps.tmve-nprod-1.tmve-qa.com/intraLogin 
10:22:11.739 [main] DEBUG com.intuit.karate - request:
1 > POST http://ms-auth-oss-git-dev-front-oss.apps.tmve-nprod-1.tmve-qa.com/intraLogin
1 > Content-Type: application/json; charset=UTF-8
1 > Content-Length: 39
1 > Host: ms-auth-oss-git-dev-front-oss.apps.tmve-nprod-1.tmve-qa.com
1 > Connection: Keep-Alive
1 > User-Agent: Apache-HttpClient/4.5.14 (Java/17.0.12)
1 > Accept-Encoding: gzip,deflate
{"login":"tns01","clave":"T3st2024.+-"}

10:22:12.264 [main] DEBUG com.intuit.karate - response time in milliseconds: 517
1 < 200
1 < content-type: application/json
1 < content-length: 326
1 < set-cookie: 346a326bcc8fc21fd3f034fd94d160bb=b93258c5db05ebda8c79fad18868405b; path=/; HttpOnly
1 < Set-Cookie: 346a326bcc8fc21fd3f034fd94d160bb=b93258c5db05ebda8c79fad18868405b; path=/; HttpOnly
{"token":"eyJhbGciOiJIUzM4NCJ9.eyJjb2RFbXBsb3llZSI6IjUxMkIxQUE4MjYzQUIyOTg2NEQ3QTRBOTQ3NzZFNjcwIiwic3ViIjoiZGVmYXVsdC1zdWJqZWN0IiwiaXNzIjoiZGVmYXVsdC1pc3N1ZXIiLCJwcmVmZXJyZWRfdXNlcm5hbWUiOiJkZWZhdWx0LXVzZXJuYW1lIiwiaWF0IjoxNzU2NDc3MzMxLCJleHAiOjE3NTY0ODA5MzF9.clh2mYX1qzwgeRddeooDRXtoholwrW43n8_QgZpau1QVj7r5wUN_3OedTJFjxxgB"}

10:22:12.629 [main] INFO  com.intuit.karate - [print] === TIEMPO DE RESPUESTA DEL FEATURE loginToken === 0.517 s 
10:22:12.629 [main] INFO  com.intuit.karate - [print] HEADERS usados en creacion de estacion: {
  "Content-Type": "application/json",
  "X-USER-ID": "E11011",
  "X-CORRELATION-ID": "1445|E11011|234234",
  "X-TOKEN-ID": "eyJhbGciOiJIUzM4NCJ9.eyJjb2RFbXBsb3llZSI6IjUxMkIxQUE4MjYzQUIyOTg2NEQ3QTRBOTQ3NzZFNjcwIiwic3ViIjoiZGVmYXVsdC1zdWJqZWN0IiwiaXNzIjoiZGVmYXVsdC1pc3N1ZXIiLCJwcmVmZXJyZWRfdXNlcm5hbWUiOiJkZWZhdWx0LXVzZXJuYW1lIiwiaWF0IjoxNzU2NDc3MzMxLCJleHAiOjE3NTY0ODA5MzF9.clh2mYX1qzwgeRddeooDRXtoholwrW43n8_QgZpau1QVj7r5wUN_3OedTJFjxxgB"
}
 
10:22:12.640 [main] INFO  com.intuit.karate - [print] TOKEN obtenido: eyJhbGciOiJIUzM4NCJ9.eyJjb2RFbXBsb3llZSI6IjUxMkIxQUE4MjYzQUIyOTg2NEQ3QTRBOTQ3NzZFNjcwIiwic3ViIjoiZGVmYXVsdC1zdWJqZWN0IiwiaXNzIjoiZGVmYXVsdC1pc3N1ZXIiLCJwcmVmZXJyZWRfdXNlcm5hbWUiOiJkZWZhdWx0LXVzZXJuYW1lIiwiaWF0IjoxNzU2NDc3MzMxLCJleHAiOjE3NTY0ODA5MzF9.clh2mYX1qzwgeRddeooDRXtoholwrW43n8_QgZpau1QVj7r5wUN_3OedTJFjxxgB 
10:22:12.648 [main] DEBUG com.intuit.karate - request:
1 > POST http://estaciones-bff-git-dev-front-oss.apps.tmve-nprod-1.tmve-qa.com/api/v1/estaciones/
1 > Content-Type: application/json; charset=UTF-8
1 > X-USER-ID: E11011
1 > X-CORRELATION-ID: 1445|E11011|234234
1 > X-TOKEN-ID: eyJhbGciOiJIUzM4NCJ9.eyJjb2RFbXBsb3llZSI6IjUxMkIxQUE4MjYzQUIyOTg2NEQ3QTRBOTQ3NzZFNjcwIiwic3ViIjoiZGVmYXVsdC1zdWJqZWN0IiwiaXNzIjoiZGVmYXVsdC1pc3N1ZXIiLCJwcmVmZXJyZWRfdXNlcm5hbWUiOiJkZWZhdWx0LXVzZXJuYW1lIiwiaWF0IjoxNzU2NDc3MzMxLCJleHAiOjE3NTY0ODA5MzF9.clh2mYX1qzwgeRddeooDRXtoholwrW43n8_QgZpau1QVj7r5wUN_3OedTJFjxxgB
1 > Content-Length: 813
1 > Host: estaciones-bff-git-dev-front-oss.apps.tmve-nprod-1.tmve-qa.com
1 > Connection: Keep-Alive
1 > User-Agent: Apache-HttpClient/4.5.14 (Java/17.0.12)
1 > Accept-Encoding: gzip,deflate
{"codigo":"krt60","nombre":"Estacion Movistar krt","regionId":1,"estadoId":1,"municipioId":1,"parroquiaId":1,"atributos":[{"Estacion Prueba1":"Prueba1","Estacion Prueba2":"Prueba2","Estacion Prueba3":"Prueba3"}],"direccion":{"conglomerado":"conglomerado","nombreConglomerado":"nombreConglomerado","inmueble":"inmueble","nombreInmueble":"nombreInmueble","piso":"1","numero":"1","vialidad":"7","nombreVialidad":"nombreVialidad","vialidad2":"vialidad2","nombreVialidad2":"nombreVialidad2","puntoReferencia":"puntoReferencia","codigoPostal":"codigoPostal","ciudad":"ciudad","parroquia":"parroquia","municipio":"municipio","estado":"estado","pais":"Venezuela","tipoUbicacion":"tipoUbicacion"},"codigoPais":"VE","mercadoId":1,"clusterId":0,"comentAprobacion":"Prueba krt","tmveOwner":true,"estatus":0,"createdBy":"krt"}

10:22:13.141 [main] DEBUG com.intuit.karate - response time in milliseconds: 493
1 < 400
1 < content-length: 302
1 < content-type: application/json
1 < set-cookie: 7ebc866ebb4d2d727ca53353a6c0c030=739fd5a9a7733606de7260d59fb218e7; path=/; HttpOnly
1 < Set-Cookie: 7ebc866ebb4d2d727ca53353a6c0c030=739fd5a9a7733606de7260d59fb218e7; path=/; HttpOnly
{"success":false,"data":{"code":"400","status":"BAD_REQUEST","message":"create.request.clusterId: must be greater than or equal to 1","errors":["ve.com.telefonica.application.resources.StationController_Subclass create.request.clusterId: must be greater than or equal to 1"]},"timestamp":1756477333043}

10:22:13.172 [main] INFO  com.intuit.karate - [print] Error creando estacion con cluster en 0: create.request.clusterId: must be greater than or equal to 1 
10:22:13.174 [main] INFO  com.intuit.karate - [print] === TIEMPO DE RESPUESTA DEL FEATURE === 0.493 s 
10:22:13.875 [main] INFO  com.intuit.karate.Suite - <<pass>> feature 3 of 9 (6 remaining) classpath:api/crearEstacion.feature
10:32:20.709 [main] DEBUG com.intuit.karate.Suite - [config] classpath:karate-config.js
10:32:20.727 [main] WARN  com.intuit.karate.Suite - failed to backup existing dir: target
10:32:20.739 [main] DEBUG com.intuit.karate.Suite - waiting for 9 features to complete
10:32:21.987 [main] INFO  com.intuit.karate - [print] http://ms-auth-oss-git-dev-front-oss.apps.tmve-nprod-1.tmve-qa.com/intraLogin 
10:32:22.424 [main] DEBUG com.intuit.karate - request:
1 > POST http://ms-auth-oss-git-dev-front-oss.apps.tmve-nprod-1.tmve-qa.com/intraLogin
1 > Content-Type: application/json; charset=UTF-8
1 > Content-Length: 39
1 > Host: ms-auth-oss-git-dev-front-oss.apps.tmve-nprod-1.tmve-qa.com
1 > Connection: Keep-Alive
1 > User-Agent: Apache-HttpClient/4.5.14 (Java/17.0.12)
1 > Accept-Encoding: gzip,deflate
{"login":"tns01","clave":"T3st2024.+-"}

10:32:24.262 [main] DEBUG com.intuit.karate - response time in milliseconds: 1835
1 < 200
1 < content-type: application/json
1 < content-length: 326
1 < set-cookie: 346a326bcc8fc21fd3f034fd94d160bb=b93258c5db05ebda8c79fad18868405b; path=/; HttpOnly
1 < Set-Cookie: 346a326bcc8fc21fd3f034fd94d160bb=b93258c5db05ebda8c79fad18868405b; path=/; HttpOnly
{"token":"eyJhbGciOiJIUzM4NCJ9.eyJjb2RFbXBsb3llZSI6IjE3NTdENUM5N0EwQjUwRDNGNzE1NUU0NTJGOTBERkQyIiwic3ViIjoiZGVmYXVsdC1zdWJqZWN0IiwiaXNzIjoiZGVmYXVsdC1pc3N1ZXIiLCJwcmVmZXJyZWRfdXNlcm5hbWUiOiJkZWZhdWx0LXVzZXJuYW1lIiwiaWF0IjoxNzU2NDc3OTQzLCJleHAiOjE3NTY0ODE1NDN9.5s8oEhIakdLOxPMzEaNp68TXhLSyMrpMZiV4jCYwH2yBnGnovCZeDMv8Ggg9_EH5"}

10:32:24.565 [main] INFO  com.intuit.karate - [print] === TIEMPO DE RESPUESTA DEL FEATURE loginToken === 1.835 s 
10:32:24.574 [main] INFO  com.intuit.karate - [print] HEADERS usados en creacion de estacion: {
  "Content-Type": "application/json",
  "X-USER-ID": "E11011",
  "X-CORRELATION-ID": "1445|E11011|234234",
  "X-TOKEN-ID": "eyJhbGciOiJIUzM4NCJ9.eyJjb2RFbXBsb3llZSI6IjE3NTdENUM5N0EwQjUwRDNGNzE1NUU0NTJGOTBERkQyIiwic3ViIjoiZGVmYXVsdC1zdWJqZWN0IiwiaXNzIjoiZGVmYXVsdC1pc3N1ZXIiLCJwcmVmZXJyZWRfdXNlcm5hbWUiOiJkZWZhdWx0LXVzZXJuYW1lIiwiaWF0IjoxNzU2NDc3OTQzLCJleHAiOjE3NTY0ODE1NDN9.5s8oEhIakdLOxPMzEaNp68TXhLSyMrpMZiV4jCYwH2yBnGnovCZeDMv8Ggg9_EH5"
}
 
10:32:24.574 [main] INFO  com.intuit.karate - [print] TOKEN obtenido: eyJhbGciOiJIUzM4NCJ9.eyJjb2RFbXBsb3llZSI6IjE3NTdENUM5N0EwQjUwRDNGNzE1NUU0NTJGOTBERkQyIiwic3ViIjoiZGVmYXVsdC1zdWJqZWN0IiwiaXNzIjoiZGVmYXVsdC1pc3N1ZXIiLCJwcmVmZXJyZWRfdXNlcm5hbWUiOiJkZWZhdWx0LXVzZXJuYW1lIiwiaWF0IjoxNzU2NDc3OTQzLCJleHAiOjE3NTY0ODE1NDN9.5s8oEhIakdLOxPMzEaNp68TXhLSyMrpMZiV4jCYwH2yBnGnovCZeDMv8Ggg9_EH5 
10:32:24.604 [main] ERROR com.intuit.karate - classpath:api/crearEstacion.feature:22
* def mercadoIdEnCeroRequest = read('classpath:JsonRequest/mercadoIdEnCeroRequest.json')
js failed:
>>>>
01: read('classpath:JsonRequest/mercadoIdEnCeroRequest.json')
<<<<
org.graalvm.polyglot.PolyglotException: not found: JsonRequest/mercadoIdEnCeroRequest.json
- com.intuit.karate.resource.ResourceUtils.getResource(ResourceUtils.java:126)
- com.intuit.karate.core.ScenarioFileReader.toResource(ScenarioFileReader.java:129)
- com.intuit.karate.core.ScenarioFileReader.readFileAsStream(ScenarioFileReader.java:99)
- com.intuit.karate.core.ScenarioFileReader.readFileAsString(ScenarioFileReader.java:95)
- com.intuit.karate.core.ScenarioFileReader.readFile(ScenarioFileReader.java:54)
- com.intuit.karate.core.ScenarioEngine.lambda$new$0(ScenarioEngine.java:109)
- <js>.:program(Unnamed:1)

classpath:api/crearEstacion.feature:22
10:32:24.621 [main] INFO  com.intuit.karate - [print] http://ms-auth-oss-git-dev-front-oss.apps.tmve-nprod-1.tmve-qa.com/intraLogin 
10:32:24.623 [main] DEBUG com.intuit.karate - request:
1 > POST http://ms-auth-oss-git-dev-front-oss.apps.tmve-nprod-1.tmve-qa.com/intraLogin
1 > Content-Type: application/json; charset=UTF-8
1 > Content-Length: 39
1 > Host: ms-auth-oss-git-dev-front-oss.apps.tmve-nprod-1.tmve-qa.com
1 > Connection: Keep-Alive
1 > User-Agent: Apache-HttpClient/4.5.14 (Java/17.0.12)
1 > Accept-Encoding: gzip,deflate
{"login":"tns01","clave":"T3st2024.+-"}

10:32:25.416 [main] DEBUG com.intuit.karate - response time in milliseconds: 793
1 < 200
1 < content-type: application/json
1 < content-length: 326
1 < set-cookie: 346a326bcc8fc21fd3f034fd94d160bb=b93258c5db05ebda8c79fad18868405b; path=/; HttpOnly
1 < Set-Cookie: 346a326bcc8fc21fd3f034fd94d160bb=b93258c5db05ebda8c79fad18868405b; path=/; HttpOnly
{"token":"eyJhbGciOiJIUzM4NCJ9.eyJjb2RFbXBsb3llZSI6IkQwMUQxMUY0NDZBOUJBNEEzQkRGMTdDRDk5MDJDNTRFIiwic3ViIjoiZGVmYXVsdC1zdWJqZWN0IiwiaXNzIjoiZGVmYXVsdC1pc3N1ZXIiLCJwcmVmZXJyZWRfdXNlcm5hbWUiOiJkZWZhdWx0LXVzZXJuYW1lIiwiaWF0IjoxNzU2NDc3OTQ1LCJleHAiOjE3NTY0ODE1NDV9.cWrYIrI4hynAvz7pgonFytU056xzQqUCfIStxDLsHoSKVqE78YZPF9KxE5ghvK0J"}

10:32:25.438 [main] INFO  com.intuit.karate - [print] === TIEMPO DE RESPUESTA DEL FEATURE loginToken === 0.793 s 
10:32:25.442 [main] INFO  com.intuit.karate - [print] HEADERS usados en creacion de estacion: {
  "Content-Type": "application/json",
  "X-USER-ID": "E11011",
  "X-CORRELATION-ID": "1445|E11011|234234",
  "X-TOKEN-ID": "eyJhbGciOiJIUzM4NCJ9.eyJjb2RFbXBsb3llZSI6IkQwMUQxMUY0NDZBOUJBNEEzQkRGMTdDRDk5MDJDNTRFIiwic3ViIjoiZGVmYXVsdC1zdWJqZWN0IiwiaXNzIjoiZGVmYXVsdC1pc3N1ZXIiLCJwcmVmZXJyZWRfdXNlcm5hbWUiOiJkZWZhdWx0LXVzZXJuYW1lIiwiaWF0IjoxNzU2NDc3OTQ1LCJleHAiOjE3NTY0ODE1NDV9.cWrYIrI4hynAvz7pgonFytU056xzQqUCfIStxDLsHoSKVqE78YZPF9KxE5ghvK0J"
}
 
10:32:25.444 [main] INFO  com.intuit.karate - [print] TOKEN obtenido: eyJhbGciOiJIUzM4NCJ9.eyJjb2RFbXBsb3llZSI6IkQwMUQxMUY0NDZBOUJBNEEzQkRGMTdDRDk5MDJDNTRFIiwic3ViIjoiZGVmYXVsdC1zdWJqZWN0IiwiaXNzIjoiZGVmYXVsdC1pc3N1ZXIiLCJwcmVmZXJyZWRfdXNlcm5hbWUiOiJkZWZhdWx0LXVzZXJuYW1lIiwiaWF0IjoxNzU2NDc3OTQ1LCJleHAiOjE3NTY0ODE1NDV9.cWrYIrI4hynAvz7pgonFytU056xzQqUCfIStxDLsHoSKVqE78YZPF9KxE5ghvK0J 
10:32:25.452 [main] ERROR com.intuit.karate - classpath:api/crearEstacion.feature:22
* def mercadoIdEnCeroRequest = read('classpath:JsonRequest/mercadoIdEnCeroRequest.json')
js failed:
>>>>
01: read('classpath:JsonRequest/mercadoIdEnCeroRequest.json')
<<<<
org.graalvm.polyglot.PolyglotException: not found: JsonRequest/mercadoIdEnCeroRequest.json
- com.intuit.karate.resource.ResourceUtils.getResource(ResourceUtils.java:126)
- com.intuit.karate.core.ScenarioFileReader.toResource(ScenarioFileReader.java:129)
- com.intuit.karate.core.ScenarioFileReader.readFileAsStream(ScenarioFileReader.java:99)
- com.intuit.karate.core.ScenarioFileReader.readFileAsString(ScenarioFileReader.java:95)
- com.intuit.karate.core.ScenarioFileReader.readFile(ScenarioFileReader.java:54)
- com.intuit.karate.core.ScenarioEngine.lambda$new$0(ScenarioEngine.java:109)
- <js>.:program(Unnamed:1)

classpath:api/crearEstacion.feature:22
10:32:25.473 [main] INFO  com.intuit.karate - [print] http://ms-auth-oss-git-dev-front-oss.apps.tmve-nprod-1.tmve-qa.com/intraLogin 
10:32:25.473 [main] DEBUG com.intuit.karate - request:
1 > POST http://ms-auth-oss-git-dev-front-oss.apps.tmve-nprod-1.tmve-qa.com/intraLogin
1 > Content-Type: application/json; charset=UTF-8
1 > Content-Length: 39
1 > Host: ms-auth-oss-git-dev-front-oss.apps.tmve-nprod-1.tmve-qa.com
1 > Connection: Keep-Alive
1 > User-Agent: Apache-HttpClient/4.5.14 (Java/17.0.12)
1 > Accept-Encoding: gzip,deflate
{"login":"tns01","clave":"T3st2024.+-"}

10:32:26.359 [main] DEBUG com.intuit.karate - response time in milliseconds: 886
1 < 200
1 < content-type: application/json
1 < content-length: 326
1 < set-cookie: 346a326bcc8fc21fd3f034fd94d160bb=b93258c5db05ebda8c79fad18868405b; path=/; HttpOnly
1 < Set-Cookie: 346a326bcc8fc21fd3f034fd94d160bb=b93258c5db05ebda8c79fad18868405b; path=/; HttpOnly
{"token":"eyJhbGciOiJIUzM4NCJ9.eyJjb2RFbXBsb3llZSI6IjA5ODQ5RkVGMjJDNEE3MUVDMEIwOThFRDY4NTQ4NUNBIiwic3ViIjoiZGVmYXVsdC1zdWJqZWN0IiwiaXNzIjoiZGVmYXVsdC1pc3N1ZXIiLCJwcmVmZXJyZWRfdXNlcm5hbWUiOiJkZWZhdWx0LXVzZXJuYW1lIiwiaWF0IjoxNzU2NDc3OTQ1LCJleHAiOjE3NTY0ODE1NDV9.bqxmnYod8EwgSGXck5fyeksjjkRu46Ug0dWQSXtfh1qr4Sg5Bu4dUK2xKmq_ec9_"}

10:32:26.375 [main] INFO  com.intuit.karate - [print] === TIEMPO DE RESPUESTA DEL FEATURE loginToken === 0.886 s 
10:32:26.377 [main] INFO  com.intuit.karate - [print] HEADERS usados en creacion de estacion: {
  "Content-Type": "application/json",
  "X-USER-ID": "E11011",
  "X-CORRELATION-ID": "1445|E11011|234234",
  "X-TOKEN-ID": "eyJhbGciOiJIUzM4NCJ9.eyJjb2RFbXBsb3llZSI6IjA5ODQ5RkVGMjJDNEE3MUVDMEIwOThFRDY4NTQ4NUNBIiwic3ViIjoiZGVmYXVsdC1zdWJqZWN0IiwiaXNzIjoiZGVmYXVsdC1pc3N1ZXIiLCJwcmVmZXJyZWRfdXNlcm5hbWUiOiJkZWZhdWx0LXVzZXJuYW1lIiwiaWF0IjoxNzU2NDc3OTQ1LCJleHAiOjE3NTY0ODE1NDV9.bqxmnYod8EwgSGXck5fyeksjjkRu46Ug0dWQSXtfh1qr4Sg5Bu4dUK2xKmq_ec9_"
}
 
10:32:26.379 [main] INFO  com.intuit.karate - [print] TOKEN obtenido: eyJhbGciOiJIUzM4NCJ9.eyJjb2RFbXBsb3llZSI6IjA5ODQ5RkVGMjJDNEE3MUVDMEIwOThFRDY4NTQ4NUNBIiwic3ViIjoiZGVmYXVsdC1zdWJqZWN0IiwiaXNzIjoiZGVmYXVsdC1pc3N1ZXIiLCJwcmVmZXJyZWRfdXNlcm5hbWUiOiJkZWZhdWx0LXVzZXJuYW1lIiwiaWF0IjoxNzU2NDc3OTQ1LCJleHAiOjE3NTY0ODE1NDV9.bqxmnYod8EwgSGXck5fyeksjjkRu46Ug0dWQSXtfh1qr4Sg5Bu4dUK2xKmq_ec9_ 
10:32:26.410 [main] ERROR com.intuit.karate - classpath:api/crearEstacion.feature:22
* def mercadoIdEnCeroRequest = read('classpath:JsonRequest/mercadoIdEnCeroRequest.json')
js failed:
>>>>
01: read('classpath:JsonRequest/mercadoIdEnCeroRequest.json')
<<<<
org.graalvm.polyglot.PolyglotException: not found: JsonRequest/mercadoIdEnCeroRequest.json
- com.intuit.karate.resource.ResourceUtils.getResource(ResourceUtils.java:126)
- com.intuit.karate.core.ScenarioFileReader.toResource(ScenarioFileReader.java:129)
- com.intuit.karate.core.ScenarioFileReader.readFileAsStream(ScenarioFileReader.java:99)
- com.intuit.karate.core.ScenarioFileReader.readFileAsString(ScenarioFileReader.java:95)
- com.intuit.karate.core.ScenarioFileReader.readFile(ScenarioFileReader.java:54)
- com.intuit.karate.core.ScenarioEngine.lambda$new$0(ScenarioEngine.java:109)
- <js>.:program(Unnamed:1)

classpath:api/crearEstacion.feature:22
10:32:26.431 [main] INFO  com.intuit.karate - [print] http://ms-auth-oss-git-dev-front-oss.apps.tmve-nprod-1.tmve-qa.com/intraLogin 
10:32:26.437 [main] DEBUG com.intuit.karate - request:
1 > POST http://ms-auth-oss-git-dev-front-oss.apps.tmve-nprod-1.tmve-qa.com/intraLogin
1 > Content-Type: application/json; charset=UTF-8
1 > Content-Length: 39
1 > Host: ms-auth-oss-git-dev-front-oss.apps.tmve-nprod-1.tmve-qa.com
1 > Connection: Keep-Alive
1 > User-Agent: Apache-HttpClient/4.5.14 (Java/17.0.12)
1 > Accept-Encoding: gzip,deflate
{"login":"tns01","clave":"T3st2024.+-"}

10:32:27.216 [main] DEBUG com.intuit.karate - response time in milliseconds: 779
1 < 200
1 < content-type: application/json
1 < content-length: 326
1 < set-cookie: 346a326bcc8fc21fd3f034fd94d160bb=b93258c5db05ebda8c79fad18868405b; path=/; HttpOnly
1 < Set-Cookie: 346a326bcc8fc21fd3f034fd94d160bb=b93258c5db05ebda8c79fad18868405b; path=/; HttpOnly
{"token":"eyJhbGciOiJIUzM4NCJ9.eyJjb2RFbXBsb3llZSI6IjA4RTk2MDQ5RDU3MzU2RTVFQUVGQkY1NkZFNDFFNDc4Iiwic3ViIjoiZGVmYXVsdC1zdWJqZWN0IiwiaXNzIjoiZGVmYXVsdC1pc3N1ZXIiLCJwcmVmZXJyZWRfdXNlcm5hbWUiOiJkZWZhdWx0LXVzZXJuYW1lIiwiaWF0IjoxNzU2NDc3OTQ2LCJleHAiOjE3NTY0ODE1NDZ9.GldjDfwV-MJOLeilb2aUcdV-1OdMgFFcA82kdwDci5uemwaXP9MfOwk-wutMpVnZ"}

10:32:27.235 [main] INFO  com.intuit.karate - [print] === TIEMPO DE RESPUESTA DEL FEATURE loginToken === 0.779 s 
10:32:27.241 [main] INFO  com.intuit.karate - [print] HEADERS usados en creacion de estacion: {
  "Content-Type": "application/json",
  "X-USER-ID": "E11011",
  "X-CORRELATION-ID": "1445|E11011|234234",
  "X-TOKEN-ID": "eyJhbGciOiJIUzM4NCJ9.eyJjb2RFbXBsb3llZSI6IjA4RTk2MDQ5RDU3MzU2RTVFQUVGQkY1NkZFNDFFNDc4Iiwic3ViIjoiZGVmYXVsdC1zdWJqZWN0IiwiaXNzIjoiZGVmYXVsdC1pc3N1ZXIiLCJwcmVmZXJyZWRfdXNlcm5hbWUiOiJkZWZhdWx0LXVzZXJuYW1lIiwiaWF0IjoxNzU2NDc3OTQ2LCJleHAiOjE3NTY0ODE1NDZ9.GldjDfwV-MJOLeilb2aUcdV-1OdMgFFcA82kdwDci5uemwaXP9MfOwk-wutMpVnZ"
}
 
10:32:27.241 [main] INFO  com.intuit.karate - [print] TOKEN obtenido: eyJhbGciOiJIUzM4NCJ9.eyJjb2RFbXBsb3llZSI6IjA4RTk2MDQ5RDU3MzU2RTVFQUVGQkY1NkZFNDFFNDc4Iiwic3ViIjoiZGVmYXVsdC1zdWJqZWN0IiwiaXNzIjoiZGVmYXVsdC1pc3N1ZXIiLCJwcmVmZXJyZWRfdXNlcm5hbWUiOiJkZWZhdWx0LXVzZXJuYW1lIiwiaWF0IjoxNzU2NDc3OTQ2LCJleHAiOjE3NTY0ODE1NDZ9.GldjDfwV-MJOLeilb2aUcdV-1OdMgFFcA82kdwDci5uemwaXP9MfOwk-wutMpVnZ 
10:32:27.256 [main] ERROR com.intuit.karate - classpath:api/crearEstacion.feature:22
* def mercadoIdEnCeroRequest = read('classpath:JsonRequest/mercadoIdEnCeroRequest.json')
js failed:
>>>>
01: read('classpath:JsonRequest/mercadoIdEnCeroRequest.json')
<<<<
org.graalvm.polyglot.PolyglotException: not found: JsonRequest/mercadoIdEnCeroRequest.json
- com.intuit.karate.resource.ResourceUtils.getResource(ResourceUtils.java:126)
- com.intuit.karate.core.ScenarioFileReader.toResource(ScenarioFileReader.java:129)
- com.intuit.karate.core.ScenarioFileReader.readFileAsStream(ScenarioFileReader.java:99)
- com.intuit.karate.core.ScenarioFileReader.readFileAsString(ScenarioFileReader.java:95)
- com.intuit.karate.core.ScenarioFileReader.readFile(ScenarioFileReader.java:54)
- com.intuit.karate.core.ScenarioEngine.lambda$new$0(ScenarioEngine.java:109)
- <js>.:program(Unnamed:1)

classpath:api/crearEstacion.feature:22
10:32:27.982 [main] INFO  com.intuit.karate.Suite - <<fail>> feature 3 of 9 (6 remaining) classpath:api/crearEstacion.feature
10:34:50.346 [main] DEBUG com.intuit.karate.Suite - [config] classpath:karate-config.js
10:34:50.354 [main] WARN  com.intuit.karate.Suite - failed to backup existing dir: target
10:34:50.360 [main] DEBUG com.intuit.karate.Suite - waiting for 9 features to complete
10:34:51.368 [main] INFO  com.intuit.karate - [print] http://ms-auth-oss-git-dev-front-oss.apps.tmve-nprod-1.tmve-qa.com/intraLogin 
10:34:51.677 [main] DEBUG com.intuit.karate - request:
1 > POST http://ms-auth-oss-git-dev-front-oss.apps.tmve-nprod-1.tmve-qa.com/intraLogin
1 > Content-Type: application/json; charset=UTF-8
1 > Content-Length: 39
1 > Host: ms-auth-oss-git-dev-front-oss.apps.tmve-nprod-1.tmve-qa.com
1 > Connection: Keep-Alive
1 > User-Agent: Apache-HttpClient/4.5.14 (Java/17.0.12)
1 > Accept-Encoding: gzip,deflate
{"login":"tns01","clave":"T3st2024.+-"}

10:34:52.584 [main] DEBUG com.intuit.karate - response time in milliseconds: 897
1 < 200
1 < content-type: application/json
1 < content-length: 326
1 < set-cookie: 346a326bcc8fc21fd3f034fd94d160bb=b93258c5db05ebda8c79fad18868405b; path=/; HttpOnly
1 < Set-Cookie: 346a326bcc8fc21fd3f034fd94d160bb=b93258c5db05ebda8c79fad18868405b; path=/; HttpOnly
{"token":"eyJhbGciOiJIUzM4NCJ9.eyJjb2RFbXBsb3llZSI6IjEyRDZCN0NGOTVERTUyOUExNDVBRjIxNTE3QzhGQzdBIiwic3ViIjoiZGVmYXVsdC1zdWJqZWN0IiwiaXNzIjoiZGVmYXVsdC1pc3N1ZXIiLCJwcmVmZXJyZWRfdXNlcm5hbWUiOiJkZWZhdWx0LXVzZXJuYW1lIiwiaWF0IjoxNzU2NDc4MDkyLCJleHAiOjE3NTY0ODE2OTJ9.rd_vYZxG7Qu03hQcdBdrnL_K2q9GNF9HyIkZtZmDaYYs1STCrI9-gdZb2kEyuMMl"}

10:34:52.912 [main] INFO  com.intuit.karate - [print] === TIEMPO DE RESPUESTA DEL FEATURE loginToken === 0.897 s 
10:34:52.931 [main] INFO  com.intuit.karate - [print] HEADERS usados en creacion de estacion: {
  "Content-Type": "application/json",
  "X-USER-ID": "E11011",
  "X-CORRELATION-ID": "1445|E11011|234234",
  "X-TOKEN-ID": "eyJhbGciOiJIUzM4NCJ9.eyJjb2RFbXBsb3llZSI6IjEyRDZCN0NGOTVERTUyOUExNDVBRjIxNTE3QzhGQzdBIiwic3ViIjoiZGVmYXVsdC1zdWJqZWN0IiwiaXNzIjoiZGVmYXVsdC1pc3N1ZXIiLCJwcmVmZXJyZWRfdXNlcm5hbWUiOiJkZWZhdWx0LXVzZXJuYW1lIiwiaWF0IjoxNzU2NDc4MDkyLCJleHAiOjE3NTY0ODE2OTJ9.rd_vYZxG7Qu03hQcdBdrnL_K2q9GNF9HyIkZtZmDaYYs1STCrI9-gdZb2kEyuMMl"
}
 
10:34:52.932 [main] INFO  com.intuit.karate - [print] TOKEN obtenido: eyJhbGciOiJIUzM4NCJ9.eyJjb2RFbXBsb3llZSI6IjEyRDZCN0NGOTVERTUyOUExNDVBRjIxNTE3QzhGQzdBIiwic3ViIjoiZGVmYXVsdC1zdWJqZWN0IiwiaXNzIjoiZGVmYXVsdC1pc3N1ZXIiLCJwcmVmZXJyZWRfdXNlcm5hbWUiOiJkZWZhdWx0LXVzZXJuYW1lIiwiaWF0IjoxNzU2NDc4MDkyLCJleHAiOjE3NTY0ODE2OTJ9.rd_vYZxG7Qu03hQcdBdrnL_K2q9GNF9HyIkZtZmDaYYs1STCrI9-gdZb2kEyuMMl 
10:34:52.972 [main] ERROR com.intuit.karate - classpath:api/crearEstacion.feature:22
* def mercadoIdEnCeroRequest = read('classpath:JsonRequest/mercadoIdEnCeroRequest.json')
js failed:
>>>>
01: read('classpath:JsonRequest/mercadoIdEnCeroRequest.json')
<<<<
org.graalvm.polyglot.PolyglotException: not found: JsonRequest/mercadoIdEnCeroRequest.json
- com.intuit.karate.resource.ResourceUtils.getResource(ResourceUtils.java:126)
- com.intuit.karate.core.ScenarioFileReader.toResource(ScenarioFileReader.java:129)
- com.intuit.karate.core.ScenarioFileReader.readFileAsStream(ScenarioFileReader.java:99)
- com.intuit.karate.core.ScenarioFileReader.readFileAsString(ScenarioFileReader.java:95)
- com.intuit.karate.core.ScenarioFileReader.readFile(ScenarioFileReader.java:54)
- com.intuit.karate.core.ScenarioEngine.lambda$new$0(ScenarioEngine.java:109)
- <js>.:program(Unnamed:1)

classpath:api/crearEstacion.feature:22
10:34:53.596 [main] INFO  com.intuit.karate.Suite - <<fail>> feature 3 of 9 (6 remaining) classpath:api/crearEstacion.feature
10:35:26.043 [main] DEBUG com.intuit.karate.Suite - [config] classpath:karate-config.js
10:35:26.058 [main] WARN  com.intuit.karate.Suite - failed to backup existing dir: target
10:35:26.064 [main] DEBUG com.intuit.karate.Suite - waiting for 9 features to complete
10:35:27.045 [main] INFO  com.intuit.karate - [print] http://ms-auth-oss-git-dev-front-oss.apps.tmve-nprod-1.tmve-qa.com/intraLogin 
10:35:27.318 [main] DEBUG com.intuit.karate - request:
1 > POST http://ms-auth-oss-git-dev-front-oss.apps.tmve-nprod-1.tmve-qa.com/intraLogin
1 > Content-Type: application/json; charset=UTF-8
1 > Content-Length: 39
1 > Host: ms-auth-oss-git-dev-front-oss.apps.tmve-nprod-1.tmve-qa.com
1 > Connection: Keep-Alive
1 > User-Agent: Apache-HttpClient/4.5.14 (Java/17.0.12)
1 > Accept-Encoding: gzip,deflate
{"login":"tns01","clave":"T3st2024.+-"}

10:35:28.175 [main] DEBUG com.intuit.karate - response time in milliseconds: 851
1 < 200
1 < content-type: application/json
1 < content-length: 326
1 < set-cookie: 346a326bcc8fc21fd3f034fd94d160bb=b93258c5db05ebda8c79fad18868405b; path=/; HttpOnly
1 < Set-Cookie: 346a326bcc8fc21fd3f034fd94d160bb=b93258c5db05ebda8c79fad18868405b; path=/; HttpOnly
{"token":"eyJhbGciOiJIUzM4NCJ9.eyJjb2RFbXBsb3llZSI6IjREMEEzOTAxMkUzNTkxMDc3MTk4QkJFMEY2NzA4NkJFIiwic3ViIjoiZGVmYXVsdC1zdWJqZWN0IiwiaXNzIjoiZGVmYXVsdC1pc3N1ZXIiLCJwcmVmZXJyZWRfdXNlcm5hbWUiOiJkZWZhdWx0LXVzZXJuYW1lIiwiaWF0IjoxNzU2NDc4MTI3LCJleHAiOjE3NTY0ODE3Mjd9.Sev245QkrKnIMD8BvZGK3fYlzN5plU812IRB13yCC1HOOqCtzPeCqgDVEpCsbrP8"}

10:35:28.534 [main] INFO  com.intuit.karate - [print] === TIEMPO DE RESPUESTA DEL FEATURE loginToken === 0.851 s 
10:35:28.540 [main] INFO  com.intuit.karate - [print] HEADERS usados en creacion de estacion: {
  "Content-Type": "application/json",
  "X-USER-ID": "E11011",
  "X-CORRELATION-ID": "1445|E11011|234234",
  "X-TOKEN-ID": "eyJhbGciOiJIUzM4NCJ9.eyJjb2RFbXBsb3llZSI6IjREMEEzOTAxMkUzNTkxMDc3MTk4QkJFMEY2NzA4NkJFIiwic3ViIjoiZGVmYXVsdC1zdWJqZWN0IiwiaXNzIjoiZGVmYXVsdC1pc3N1ZXIiLCJwcmVmZXJyZWRfdXNlcm5hbWUiOiJkZWZhdWx0LXVzZXJuYW1lIiwiaWF0IjoxNzU2NDc4MTI3LCJleHAiOjE3NTY0ODE3Mjd9.Sev245QkrKnIMD8BvZGK3fYlzN5plU812IRB13yCC1HOOqCtzPeCqgDVEpCsbrP8"
}
 
10:35:28.540 [main] INFO  com.intuit.karate - [print] TOKEN obtenido: eyJhbGciOiJIUzM4NCJ9.eyJjb2RFbXBsb3llZSI6IjREMEEzOTAxMkUzNTkxMDc3MTk4QkJFMEY2NzA4NkJFIiwic3ViIjoiZGVmYXVsdC1zdWJqZWN0IiwiaXNzIjoiZGVmYXVsdC1pc3N1ZXIiLCJwcmVmZXJyZWRfdXNlcm5hbWUiOiJkZWZhdWx0LXVzZXJuYW1lIiwiaWF0IjoxNzU2NDc4MTI3LCJleHAiOjE3NTY0ODE3Mjd9.Sev245QkrKnIMD8BvZGK3fYlzN5plU812IRB13yCC1HOOqCtzPeCqgDVEpCsbrP8 
10:35:28.552 [main] ERROR com.intuit.karate - classpath:api/crearEstacion.feature:22
* def mercadoIdEnCeroRequest = read('classpath:JsonRequest/mercadoIdEnCeroRequest.json')
js failed:
>>>>
01: read('classpath:JsonRequest/mercadoIdEnCeroRequest.json')
<<<<
org.graalvm.polyglot.PolyglotException: not found: JsonRequest/mercadoIdEnCeroRequest.json
- com.intuit.karate.resource.ResourceUtils.getResource(ResourceUtils.java:126)
- com.intuit.karate.core.ScenarioFileReader.toResource(ScenarioFileReader.java:129)
- com.intuit.karate.core.ScenarioFileReader.readFileAsStream(ScenarioFileReader.java:99)
- com.intuit.karate.core.ScenarioFileReader.readFileAsString(ScenarioFileReader.java:95)
- com.intuit.karate.core.ScenarioFileReader.readFile(ScenarioFileReader.java:54)
- com.intuit.karate.core.ScenarioEngine.lambda$new$0(ScenarioEngine.java:109)
- <js>.:program(Unnamed:1)

classpath:api/crearEstacion.feature:22
10:35:29.152 [main] INFO  com.intuit.karate.Suite - <<fail>> feature 3 of 9 (6 remaining) classpath:api/crearEstacion.feature
10:38:15.379 [main] DEBUG com.intuit.karate.Suite - [config] classpath:karate-config.js
10:38:15.391 [main] WARN  com.intuit.karate.Suite - failed to backup existing dir: target
10:38:15.399 [main] DEBUG com.intuit.karate.Suite - waiting for 9 features to complete
10:38:16.364 [main] INFO  com.intuit.karate - [print] http://ms-auth-oss-git-dev-front-oss.apps.tmve-nprod-1.tmve-qa.com/intraLogin 
10:38:16.658 [main] DEBUG com.intuit.karate - request:
1 > POST http://ms-auth-oss-git-dev-front-oss.apps.tmve-nprod-1.tmve-qa.com/intraLogin
1 > Content-Type: application/json; charset=UTF-8
1 > Content-Length: 39
1 > Host: ms-auth-oss-git-dev-front-oss.apps.tmve-nprod-1.tmve-qa.com
1 > Connection: Keep-Alive
1 > User-Agent: Apache-HttpClient/4.5.14 (Java/17.0.12)
1 > Accept-Encoding: gzip,deflate
{"login":"tns01","clave":"T3st2024.+-"}

10:38:17.493 [main] DEBUG com.intuit.karate - response time in milliseconds: 819
1 < 200
1 < content-type: application/json
1 < content-length: 326
1 < set-cookie: 346a326bcc8fc21fd3f034fd94d160bb=b93258c5db05ebda8c79fad18868405b; path=/; HttpOnly
1 < Set-Cookie: 346a326bcc8fc21fd3f034fd94d160bb=b93258c5db05ebda8c79fad18868405b; path=/; HttpOnly
{"token":"eyJhbGciOiJIUzM4NCJ9.eyJjb2RFbXBsb3llZSI6IjE2QUMzNDQzODcyMDBGNzU2RjM4MTYyNjIyQzkxRUNFIiwic3ViIjoiZGVmYXVsdC1zdWJqZWN0IiwiaXNzIjoiZGVmYXVsdC1pc3N1ZXIiLCJwcmVmZXJyZWRfdXNlcm5hbWUiOiJkZWZhdWx0LXVzZXJuYW1lIiwiaWF0IjoxNzU2NDc4Mjk3LCJleHAiOjE3NTY0ODE4OTd9.2VgDMYXDqFuEnSbm-HSqIEJVnLUKeB5F0oUi3fXvlFZ-J45IlN9nmO10gp1M20Kq"}

10:38:17.858 [main] INFO  com.intuit.karate - [print] === TIEMPO DE RESPUESTA DEL FEATURE loginToken === 0.819 s 
10:38:17.861 [main] INFO  com.intuit.karate - [print] HEADERS usados en creacion de estacion: {
  "Content-Type": "application/json",
  "X-USER-ID": "E11011",
  "X-CORRELATION-ID": "1445|E11011|234234",
  "X-TOKEN-ID": "eyJhbGciOiJIUzM4NCJ9.eyJjb2RFbXBsb3llZSI6IjE2QUMzNDQzODcyMDBGNzU2RjM4MTYyNjIyQzkxRUNFIiwic3ViIjoiZGVmYXVsdC1zdWJqZWN0IiwiaXNzIjoiZGVmYXVsdC1pc3N1ZXIiLCJwcmVmZXJyZWRfdXNlcm5hbWUiOiJkZWZhdWx0LXVzZXJuYW1lIiwiaWF0IjoxNzU2NDc4Mjk3LCJleHAiOjE3NTY0ODE4OTd9.2VgDMYXDqFuEnSbm-HSqIEJVnLUKeB5F0oUi3fXvlFZ-J45IlN9nmO10gp1M20Kq"
}
 
10:38:17.861 [main] INFO  com.intuit.karate - [print] TOKEN obtenido: eyJhbGciOiJIUzM4NCJ9.eyJjb2RFbXBsb3llZSI6IjE2QUMzNDQzODcyMDBGNzU2RjM4MTYyNjIyQzkxRUNFIiwic3ViIjoiZGVmYXVsdC1zdWJqZWN0IiwiaXNzIjoiZGVmYXVsdC1pc3N1ZXIiLCJwcmVmZXJyZWRfdXNlcm5hbWUiOiJkZWZhdWx0LXVzZXJuYW1lIiwiaWF0IjoxNzU2NDc4Mjk3LCJleHAiOjE3NTY0ODE4OTd9.2VgDMYXDqFuEnSbm-HSqIEJVnLUKeB5F0oUi3fXvlFZ-J45IlN9nmO10gp1M20Kq 
10:38:17.872 [main] DEBUG com.intuit.karate - request:
1 > POST http://estaciones-bff-git-dev-front-oss.apps.tmve-nprod-1.tmve-qa.com/api/v1/estaciones/
1 > Content-Type: application/json; charset=UTF-8
1 > X-USER-ID: E11011
1 > X-CORRELATION-ID: 1445|E11011|234234
1 > X-TOKEN-ID: eyJhbGciOiJIUzM4NCJ9.eyJjb2RFbXBsb3llZSI6IjE2QUMzNDQzODcyMDBGNzU2RjM4MTYyNjIyQzkxRUNFIiwic3ViIjoiZGVmYXVsdC1zdWJqZWN0IiwiaXNzIjoiZGVmYXVsdC1pc3N1ZXIiLCJwcmVmZXJyZWRfdXNlcm5hbWUiOiJkZWZhdWx0LXVzZXJuYW1lIiwiaWF0IjoxNzU2NDc4Mjk3LCJleHAiOjE3NTY0ODE4OTd9.2VgDMYXDqFuEnSbm-HSqIEJVnLUKeB5F0oUi3fXvlFZ-J45IlN9nmO10gp1M20Kq
1 > Content-Length: 813
1 > Host: estaciones-bff-git-dev-front-oss.apps.tmve-nprod-1.tmve-qa.com
1 > Connection: Keep-Alive
1 > User-Agent: Apache-HttpClient/4.5.14 (Java/17.0.12)
1 > Accept-Encoding: gzip,deflate
{"codigo":"krt60","nombre":"Estacion Movistar krt","regionId":1,"estadoId":1,"municipioId":1,"parroquiaId":1,"atributos":[{"Estacion Prueba1":"Prueba1","Estacion Prueba2":"Prueba2","Estacion Prueba3":"Prueba3"}],"direccion":{"conglomerado":"conglomerado","nombreConglomerado":"nombreConglomerado","inmueble":"inmueble","nombreInmueble":"nombreInmueble","piso":"1","numero":"1","vialidad":"7","nombreVialidad":"nombreVialidad","vialidad2":"vialidad2","nombreVialidad2":"nombreVialidad2","puntoReferencia":"puntoReferencia","codigoPostal":"codigoPostal","ciudad":"ciudad","parroquia":"parroquia","municipio":"municipio","estado":"estado","pais":"Venezuela","tipoUbicacion":"tipoUbicacion"},"codigoPais":"VE","mercadoId":1,"clusterId":0,"comentAprobacion":"Prueba krt","tmveOwner":true,"estatus":0,"createdBy":"krt"}

10:38:18.919 [main] DEBUG com.intuit.karate - response time in milliseconds: 1047
1 < 400
1 < content-length: 302
1 < content-type: application/json
1 < set-cookie: 7ebc866ebb4d2d727ca53353a6c0c030=734d6df9d2a531f96603fab754c67099; path=/; HttpOnly
1 < Set-Cookie: 7ebc866ebb4d2d727ca53353a6c0c030=734d6df9d2a531f96603fab754c67099; path=/; HttpOnly
{"success":false,"data":{"code":"400","status":"BAD_REQUEST","message":"create.request.clusterId: must be greater than or equal to 1","errors":["ve.com.telefonica.application.resources.StationController_Subclass create.request.clusterId: must be greater than or equal to 1"]},"timestamp":1756478298723}

10:38:18.950 [main] INFO  com.intuit.karate - [print] Error creando estacion con cluster en 0: create.request.clusterId: must be greater than or equal to 1 
10:38:18.950 [main] INFO  com.intuit.karate - [print] === TIEMPO DE RESPUESTA DEL FEATURE === 1.047 s 
10:38:19.543 [main] INFO  com.intuit.karate.Suite - <<pass>> feature 3 of 9 (6 remaining) classpath:api/crearEstacion.feature
10:38:51.652 [main] DEBUG com.intuit.karate.Suite - [config] classpath:karate-config.js
10:38:51.665 [main] WARN  com.intuit.karate.Suite - failed to backup existing dir: target
10:38:51.678 [main] DEBUG com.intuit.karate.Suite - waiting for 9 features to complete
10:38:52.748 [main] INFO  com.intuit.karate - [print] http://ms-auth-oss-git-dev-front-oss.apps.tmve-nprod-1.tmve-qa.com/intraLogin 
10:38:53.050 [main] DEBUG com.intuit.karate - request:
1 > POST http://ms-auth-oss-git-dev-front-oss.apps.tmve-nprod-1.tmve-qa.com/intraLogin
1 > Content-Type: application/json; charset=UTF-8
1 > Content-Length: 39
1 > Host: ms-auth-oss-git-dev-front-oss.apps.tmve-nprod-1.tmve-qa.com
1 > Connection: Keep-Alive
1 > User-Agent: Apache-HttpClient/4.5.14 (Java/17.0.12)
1 > Accept-Encoding: gzip,deflate
{"login":"tns01","clave":"T3st2024.+-"}

10:38:53.850 [main] DEBUG com.intuit.karate - response time in milliseconds: 794
1 < 200
1 < content-type: application/json
1 < content-length: 326
1 < set-cookie: 346a326bcc8fc21fd3f034fd94d160bb=b93258c5db05ebda8c79fad18868405b; path=/; HttpOnly
1 < Set-Cookie: 346a326bcc8fc21fd3f034fd94d160bb=b93258c5db05ebda8c79fad18868405b; path=/; HttpOnly
{"token":"eyJhbGciOiJIUzM4NCJ9.eyJjb2RFbXBsb3llZSI6IkJEQjY0QTIyMkQwOTkzQzVCNUEwMzRBQ0U0OEI2NzNFIiwic3ViIjoiZGVmYXVsdC1zdWJqZWN0IiwiaXNzIjoiZGVmYXVsdC1pc3N1ZXIiLCJwcmVmZXJyZWRfdXNlcm5hbWUiOiJkZWZhdWx0LXVzZXJuYW1lIiwiaWF0IjoxNzU2NDc4MzMzLCJleHAiOjE3NTY0ODE5MzN9.GUMjdsqrsh86tv4kQ9h3-6lHnc0Oi4uUb8QJ2pxGiBdjgibTpc1CLt-ae9jmbFwG"}

10:38:54.203 [main] INFO  com.intuit.karate - [print] === TIEMPO DE RESPUESTA DEL FEATURE loginToken === 0.794 s 
10:38:54.209 [main] INFO  com.intuit.karate - [print] HEADERS usados en creacion de estacion: {
  "Content-Type": "application/json",
  "X-USER-ID": "E11011",
  "X-CORRELATION-ID": "1445|E11011|234234",
  "X-TOKEN-ID": "eyJhbGciOiJIUzM4NCJ9.eyJjb2RFbXBsb3llZSI6IkJEQjY0QTIyMkQwOTkzQzVCNUEwMzRBQ0U0OEI2NzNFIiwic3ViIjoiZGVmYXVsdC1zdWJqZWN0IiwiaXNzIjoiZGVmYXVsdC1pc3N1ZXIiLCJwcmVmZXJyZWRfdXNlcm5hbWUiOiJkZWZhdWx0LXVzZXJuYW1lIiwiaWF0IjoxNzU2NDc4MzMzLCJleHAiOjE3NTY0ODE5MzN9.GUMjdsqrsh86tv4kQ9h3-6lHnc0Oi4uUb8QJ2pxGiBdjgibTpc1CLt-ae9jmbFwG"
}
 
10:38:54.209 [main] INFO  com.intuit.karate - [print] TOKEN obtenido: eyJhbGciOiJIUzM4NCJ9.eyJjb2RFbXBsb3llZSI6IkJEQjY0QTIyMkQwOTkzQzVCNUEwMzRBQ0U0OEI2NzNFIiwic3ViIjoiZGVmYXVsdC1zdWJqZWN0IiwiaXNzIjoiZGVmYXVsdC1pc3N1ZXIiLCJwcmVmZXJyZWRfdXNlcm5hbWUiOiJkZWZhdWx0LXVzZXJuYW1lIiwiaWF0IjoxNzU2NDc4MzMzLCJleHAiOjE3NTY0ODE5MzN9.GUMjdsqrsh86tv4kQ9h3-6lHnc0Oi4uUb8QJ2pxGiBdjgibTpc1CLt-ae9jmbFwG 
10:38:54.209 [main] DEBUG com.intuit.karate - request:
1 > POST http://estaciones-bff-git-dev-front-oss.apps.tmve-nprod-1.tmve-qa.com/api/v1/estaciones/
1 > Content-Type: application/json; charset=UTF-8
1 > X-USER-ID: E11011
1 > X-CORRELATION-ID: 1445|E11011|234234
1 > X-TOKEN-ID: eyJhbGciOiJIUzM4NCJ9.eyJjb2RFbXBsb3llZSI6IkJEQjY0QTIyMkQwOTkzQzVCNUEwMzRBQ0U0OEI2NzNFIiwic3ViIjoiZGVmYXVsdC1zdWJqZWN0IiwiaXNzIjoiZGVmYXVsdC1pc3N1ZXIiLCJwcmVmZXJyZWRfdXNlcm5hbWUiOiJkZWZhdWx0LXVzZXJuYW1lIiwiaWF0IjoxNzU2NDc4MzMzLCJleHAiOjE3NTY0ODE5MzN9.GUMjdsqrsh86tv4kQ9h3-6lHnc0Oi4uUb8QJ2pxGiBdjgibTpc1CLt-ae9jmbFwG
1 > Content-Length: 900
1 > Host: estaciones-bff-git-dev-front-oss.apps.tmve-nprod-1.tmve-qa.com
1 > Connection: Keep-Alive
1 > User-Agent: Apache-HttpClient/4.5.14 (Java/17.0.12)
1 > Accept-Encoding: gzip,deflate
{"codigo":"ESTKRT","nombre":"Estacion Central KARATE","regionId":1,"estadoId":1,"municipioId":1,"parroquiaId":1,"atributos":[{"tipo":"CAPACIDAD","valor":"1000","descripcion":"Capacidad maxima de usuarios"},{"tipo":"TECNOLOGIA","valor":"4G","descripcion":"Tecnologia disponible"}],"direccion":{"conglomerado":"CENTRO","nombreConglomerado":"Centro Comercial","inmueble":"EDIFICIO","nombreInmueble":"Torre Principal","piso":"1","numero":"123","vialidad":"AVENIDA","nombreVialidad":"Av. Principal","vialidad2":"CALLE","nombreVialidad2":"Calle Secundaria","puntoReferencia":"Frente al Parque Central","codigoPostal":"1001","ciudad":"Ciudad Capital","parroquia":"Centro","municipio":"Capital","estado":"Distrito Capital","pais":"Venezuela","tipoUbicacion":"URBANA"},"codigoPais":"VE","mercadoId":1,"clusterId":1,"comentAprobacion":"Estacion aprobada para operacion KARATE","estatus":1,"createdBy":"E11011"}

10:38:55.017 [main] DEBUG com.intuit.karate - response time in milliseconds: 808
1 < 400
1 < content-length: 395
1 < content-type: application/json
1 < set-cookie: 7ebc866ebb4d2d727ca53353a6c0c030=734d6df9d2a531f96603fab754c67099; path=/; HttpOnly
1 < Set-Cookie: 7ebc866ebb4d2d727ca53353a6c0c030=734d6df9d2a531f96603fab754c67099; path=/; HttpOnly
{"success":false,"data":{"code":"400","status":"BAD_REQUEST","message":"Error injecting ve.com.telefonica.infrastructure.MDireccionesService ve.com.telefonica.domain.service.DefaultStationService.serviceDireccion","errors":["Error injecting ve.com.telefonica.infrastructure.MDireccionesService ve.com.telefonica.domain.service.DefaultStationService.serviceDireccion"]},"timestamp":1756478334860}

10:38:55.025 [main] ERROR com.intuit.karate - classpath:api/crearEstacion.feature:35
Then status 200
status code was: 400, expected: 200, response time in milliseconds: 808, url: http://estaciones-bff-git-dev-front-oss.apps.tmve-nprod-1.tmve-qa.com/api/v1/estaciones/, response: 
{"success":false,"data":{"code":"400","status":"BAD_REQUEST","message":"Error injecting ve.com.telefonica.infrastructure.MDireccionesService ve.com.telefonica.domain.service.DefaultStationService.serviceDireccion","errors":["Error injecting ve.com.telefonica.infrastructure.MDireccionesService ve.com.telefonica.domain.service.DefaultStationService.serviceDireccion"]},"timestamp":1756478334860}
classpath:api/crearEstacion.feature:35
10:38:55.635 [main] INFO  com.intuit.karate.Suite - <<fail>> feature 3 of 9 (6 remaining) classpath:api/crearEstacion.feature
10:40:44.886 [main] DEBUG com.intuit.karate.Suite - [config] classpath:karate-config.js
10:40:44.894 [main] WARN  com.intuit.karate.Suite - failed to backup existing dir: target
10:40:44.901 [main] DEBUG com.intuit.karate.Suite - waiting for 9 features to complete
10:40:45.967 [main] INFO  com.intuit.karate - [print] http://ms-auth-oss-git-dev-front-oss.apps.tmve-nprod-1.tmve-qa.com/intraLogin 
10:40:46.326 [main] DEBUG com.intuit.karate - request:
1 > POST http://ms-auth-oss-git-dev-front-oss.apps.tmve-nprod-1.tmve-qa.com/intraLogin
1 > Content-Type: application/json; charset=UTF-8
1 > Content-Length: 39
1 > Host: ms-auth-oss-git-dev-front-oss.apps.tmve-nprod-1.tmve-qa.com
1 > Connection: Keep-Alive
1 > User-Agent: Apache-HttpClient/4.5.14 (Java/17.0.12)
1 > Accept-Encoding: gzip,deflate
{"login":"tns01","clave":"T3st2024.+-"}

10:40:47.127 [main] DEBUG com.intuit.karate - response time in milliseconds: 801
1 < 200
1 < content-type: application/json
1 < content-length: 326
1 < set-cookie: 346a326bcc8fc21fd3f034fd94d160bb=b93258c5db05ebda8c79fad18868405b; path=/; HttpOnly
1 < Set-Cookie: 346a326bcc8fc21fd3f034fd94d160bb=b93258c5db05ebda8c79fad18868405b; path=/; HttpOnly
{"token":"eyJhbGciOiJIUzM4NCJ9.eyJjb2RFbXBsb3llZSI6IkJFMkQ1MTg3NDlFMjYyNUM3REUzRkFCM0Q3MkIyMTE2Iiwic3ViIjoiZGVmYXVsdC1zdWJqZWN0IiwiaXNzIjoiZGVmYXVsdC1pc3N1ZXIiLCJwcmVmZXJyZWRfdXNlcm5hbWUiOiJkZWZhdWx0LXVzZXJuYW1lIiwiaWF0IjoxNzU2NDc4NDQ2LCJleHAiOjE3NTY0ODIwNDZ9.lsXuhe0JzhA1elo2YwwbTjvxqNFBpcZj9idBKWx_dp6QMFYOJjfgYOjCGf48lozz"}

10:40:47.502 [main] INFO  com.intuit.karate - [print] === TIEMPO DE RESPUESTA DEL FEATURE loginToken === 0.801 s 
10:40:47.510 [main] INFO  com.intuit.karate - [print] HEADERS usados en creacion de estacion: {
  "Content-Type": "application/json",
  "X-USER-ID": "E11011",
  "X-CORRELATION-ID": "1445|E11011|234234",
  "X-TOKEN-ID": "eyJhbGciOiJIUzM4NCJ9.eyJjb2RFbXBsb3llZSI6IkJFMkQ1MTg3NDlFMjYyNUM3REUzRkFCM0Q3MkIyMTE2Iiwic3ViIjoiZGVmYXVsdC1zdWJqZWN0IiwiaXNzIjoiZGVmYXVsdC1pc3N1ZXIiLCJwcmVmZXJyZWRfdXNlcm5hbWUiOiJkZWZhdWx0LXVzZXJuYW1lIiwiaWF0IjoxNzU2NDc4NDQ2LCJleHAiOjE3NTY0ODIwNDZ9.lsXuhe0JzhA1elo2YwwbTjvxqNFBpcZj9idBKWx_dp6QMFYOJjfgYOjCGf48lozz"
}
 
10:40:47.510 [main] INFO  com.intuit.karate - [print] TOKEN obtenido: eyJhbGciOiJIUzM4NCJ9.eyJjb2RFbXBsb3llZSI6IkJFMkQ1MTg3NDlFMjYyNUM3REUzRkFCM0Q3MkIyMTE2Iiwic3ViIjoiZGVmYXVsdC1zdWJqZWN0IiwiaXNzIjoiZGVmYXVsdC1pc3N1ZXIiLCJwcmVmZXJyZWRfdXNlcm5hbWUiOiJkZWZhdWx0LXVzZXJuYW1lIiwiaWF0IjoxNzU2NDc4NDQ2LCJleHAiOjE3NTY0ODIwNDZ9.lsXuhe0JzhA1elo2YwwbTjvxqNFBpcZj9idBKWx_dp6QMFYOJjfgYOjCGf48lozz 
10:40:47.528 [main] ERROR com.intuit.karate - classpath:api/crearEstacion.feature:22
* def mercadoIdEnCeroRequest = read('classpath:JsonRequest/mercadoIdEnCeroRequest.json')
js failed:
>>>>
01: read('classpath:JsonRequest/mercadoIdEnCeroRequest.json')
<<<<
org.graalvm.polyglot.PolyglotException: not found: JsonRequest/mercadoIdEnCeroRequest.json
- com.intuit.karate.resource.ResourceUtils.getResource(ResourceUtils.java:126)
- com.intuit.karate.core.ScenarioFileReader.toResource(ScenarioFileReader.java:129)
- com.intuit.karate.core.ScenarioFileReader.readFileAsStream(ScenarioFileReader.java:99)
- com.intuit.karate.core.ScenarioFileReader.readFileAsString(ScenarioFileReader.java:95)
- com.intuit.karate.core.ScenarioFileReader.readFile(ScenarioFileReader.java:54)
- com.intuit.karate.core.ScenarioEngine.lambda$new$0(ScenarioEngine.java:109)
- <js>.:program(Unnamed:1)

classpath:api/crearEstacion.feature:22
10:40:48.244 [main] INFO  com.intuit.karate.Suite - <<fail>> feature 3 of 9 (6 remaining) classpath:api/crearEstacion.feature
10:42:36.099 [main] DEBUG com.intuit.karate.Suite - [config] classpath:karate-config.js
10:42:36.111 [main] WARN  com.intuit.karate.Suite - failed to backup existing dir: target
10:42:36.119 [main] DEBUG com.intuit.karate.Suite - waiting for 9 features to complete
10:42:37.100 [main] INFO  com.intuit.karate - [print] http://ms-auth-oss-git-dev-front-oss.apps.tmve-nprod-1.tmve-qa.com/intraLogin 
10:42:37.373 [main] DEBUG com.intuit.karate - request:
1 > POST http://ms-auth-oss-git-dev-front-oss.apps.tmve-nprod-1.tmve-qa.com/intraLogin
1 > Content-Type: application/json; charset=UTF-8
1 > Content-Length: 39
1 > Host: ms-auth-oss-git-dev-front-oss.apps.tmve-nprod-1.tmve-qa.com
1 > Connection: Keep-Alive
1 > User-Agent: Apache-HttpClient/4.5.14 (Java/17.0.12)
1 > Accept-Encoding: gzip,deflate
{"login":"tns01","clave":"T3st2024.+-"}

10:42:38.184 [main] DEBUG com.intuit.karate - response time in milliseconds: 800
1 < 200
1 < content-type: application/json
1 < content-length: 326
1 < set-cookie: 346a326bcc8fc21fd3f034fd94d160bb=b93258c5db05ebda8c79fad18868405b; path=/; HttpOnly
1 < Set-Cookie: 346a326bcc8fc21fd3f034fd94d160bb=b93258c5db05ebda8c79fad18868405b; path=/; HttpOnly
{"token":"eyJhbGciOiJIUzM4NCJ9.eyJjb2RFbXBsb3llZSI6IjE0OTFFRTZGREVDNjc1NTVEODdGM0I5RjcxOTdCRjk4Iiwic3ViIjoiZGVmYXVsdC1zdWJqZWN0IiwiaXNzIjoiZGVmYXVsdC1pc3N1ZXIiLCJwcmVmZXJyZWRfdXNlcm5hbWUiOiJkZWZhdWx0LXVzZXJuYW1lIiwiaWF0IjoxNzU2NDc4NTU3LCJleHAiOjE3NTY0ODIxNTd9.UPRH8lS0vehi5LU2ObGZ-WqAcg9SWIU8hHFD4kQaLpcaseTANT9iSxrKJ1lAEqnJ"}

10:42:38.559 [main] INFO  com.intuit.karate - [print] === TIEMPO DE RESPUESTA DEL FEATURE loginToken === 0.8 s 
10:42:38.559 [main] INFO  com.intuit.karate - [print] HEADERS usados en creacion de estacion: {
  "Content-Type": "application/json",
  "X-USER-ID": "E11011",
  "X-CORRELATION-ID": "1445|E11011|234234",
  "X-TOKEN-ID": "eyJhbGciOiJIUzM4NCJ9.eyJjb2RFbXBsb3llZSI6IjE0OTFFRTZGREVDNjc1NTVEODdGM0I5RjcxOTdCRjk4Iiwic3ViIjoiZGVmYXVsdC1zdWJqZWN0IiwiaXNzIjoiZGVmYXVsdC1pc3N1ZXIiLCJwcmVmZXJyZWRfdXNlcm5hbWUiOiJkZWZhdWx0LXVzZXJuYW1lIiwiaWF0IjoxNzU2NDc4NTU3LCJleHAiOjE3NTY0ODIxNTd9.UPRH8lS0vehi5LU2ObGZ-WqAcg9SWIU8hHFD4kQaLpcaseTANT9iSxrKJ1lAEqnJ"
}
 
10:42:38.559 [main] INFO  com.intuit.karate - [print] TOKEN obtenido: eyJhbGciOiJIUzM4NCJ9.eyJjb2RFbXBsb3llZSI6IjE0OTFFRTZGREVDNjc1NTVEODdGM0I5RjcxOTdCRjk4Iiwic3ViIjoiZGVmYXVsdC1zdWJqZWN0IiwiaXNzIjoiZGVmYXVsdC1pc3N1ZXIiLCJwcmVmZXJyZWRfdXNlcm5hbWUiOiJkZWZhdWx0LXVzZXJuYW1lIiwiaWF0IjoxNzU2NDc4NTU3LCJleHAiOjE3NTY0ODIxNTd9.UPRH8lS0vehi5LU2ObGZ-WqAcg9SWIU8hHFD4kQaLpcaseTANT9iSxrKJ1lAEqnJ 
10:42:38.583 [main] DEBUG com.intuit.karate - request:
1 > POST http://estaciones-bff-git-dev-front-oss.apps.tmve-nprod-1.tmve-qa.com/api/v1/estaciones/
1 > Content-Type: application/json; charset=UTF-8
1 > X-USER-ID: E11011
1 > X-CORRELATION-ID: 1445|E11011|234234
1 > X-TOKEN-ID: eyJhbGciOiJIUzM4NCJ9.eyJjb2RFbXBsb3llZSI6IjE0OTFFRTZGREVDNjc1NTVEODdGM0I5RjcxOTdCRjk4Iiwic3ViIjoiZGVmYXVsdC1zdWJqZWN0IiwiaXNzIjoiZGVmYXVsdC1pc3N1ZXIiLCJwcmVmZXJyZWRfdXNlcm5hbWUiOiJkZWZhdWx0LXVzZXJuYW1lIiwiaWF0IjoxNzU2NDc4NTU3LCJleHAiOjE3NTY0ODIxNTd9.UPRH8lS0vehi5LU2ObGZ-WqAcg9SWIU8hHFD4kQaLpcaseTANT9iSxrKJ1lAEqnJ
1 > Content-Length: 813
1 > Host: estaciones-bff-git-dev-front-oss.apps.tmve-nprod-1.tmve-qa.com
1 > Connection: Keep-Alive
1 > User-Agent: Apache-HttpClient/4.5.14 (Java/17.0.12)
1 > Accept-Encoding: gzip,deflate
{"codigo":"krt60","nombre":"Estacion Movistar krt","regionId":1,"estadoId":1,"municipioId":1,"parroquiaId":1,"atributos":[{"Estacion Prueba1":"Prueba1","Estacion Prueba2":"Prueba2","Estacion Prueba3":"Prueba3"}],"direccion":{"conglomerado":"conglomerado","nombreConglomerado":"nombreConglomerado","inmueble":"inmueble","nombreInmueble":"nombreInmueble","piso":"1","numero":"1","vialidad":"7","nombreVialidad":"nombreVialidad","vialidad2":"vialidad2","nombreVialidad2":"nombreVialidad2","puntoReferencia":"puntoReferencia","codigoPostal":"codigoPostal","ciudad":"ciudad","parroquia":"parroquia","municipio":"municipio","estado":"estado","pais":"Venezuela","tipoUbicacion":"tipoUbicacion"},"codigoPais":"VE","mercadoId":0,"clusterId":1,"comentAprobacion":"Prueba krt","tmveOwner":true,"estatus":0,"createdBy":"krt"}

10:42:39.474 [main] DEBUG com.intuit.karate - response time in milliseconds: 888
1 < 400
1 < content-length: 302
1 < content-type: application/json
1 < set-cookie: 7ebc866ebb4d2d727ca53353a6c0c030=734d6df9d2a531f96603fab754c67099; path=/; HttpOnly
1 < Set-Cookie: 7ebc866ebb4d2d727ca53353a6c0c030=734d6df9d2a531f96603fab754c67099; path=/; HttpOnly
{"success":false,"data":{"code":"400","status":"BAD_REQUEST","message":"create.request.mercadoId: must be greater than or equal to 1","errors":["ve.com.telefonica.application.resources.StationController_Subclass create.request.mercadoId: must be greater than or equal to 1"]},"timestamp":1756478559290}

10:42:39.501 [main] INFO  com.intuit.karate - [print] Error creando estacion con id de Mercado en 0: create.request.mercadoId: must be greater than or equal to 1 
10:42:39.501 [main] INFO  com.intuit.karate - [print] === TIEMPO DE RESPUESTA DEL FEATURE === 0.888 s 
10:42:40.095 [main] INFO  com.intuit.karate.Suite - <<pass>> feature 3 of 9 (6 remaining) classpath:api/crearEstacion.feature
10:43:51.401 [main] DEBUG com.intuit.karate.Suite - [config] classpath:karate-config.js
10:43:51.408 [main] WARN  com.intuit.karate.Suite - failed to backup existing dir: target
10:43:51.414 [main] DEBUG com.intuit.karate.Suite - waiting for 9 features to complete
10:43:52.990 [main] INFO  com.intuit.karate - [print] http://ms-auth-oss-git-dev-front-oss.apps.tmve-nprod-1.tmve-qa.com/intraLogin 
10:43:53.492 [main] DEBUG com.intuit.karate - request:
1 > POST http://ms-auth-oss-git-dev-front-oss.apps.tmve-nprod-1.tmve-qa.com/intraLogin
1 > Content-Type: application/json; charset=UTF-8
1 > Content-Length: 39
1 > Host: ms-auth-oss-git-dev-front-oss.apps.tmve-nprod-1.tmve-qa.com
1 > Connection: Keep-Alive
1 > User-Agent: Apache-HttpClient/4.5.14 (Java/17.0.12)
1 > Accept-Encoding: gzip,deflate
{"login":"tns01","clave":"T3st2024.+-"}

10:43:54.308 [main] DEBUG com.intuit.karate - response time in milliseconds: 811
1 < 200
1 < content-type: application/json
1 < content-length: 326
1 < set-cookie: 346a326bcc8fc21fd3f034fd94d160bb=b93258c5db05ebda8c79fad18868405b; path=/; HttpOnly
1 < Set-Cookie: 346a326bcc8fc21fd3f034fd94d160bb=b93258c5db05ebda8c79fad18868405b; path=/; HttpOnly
{"token":"eyJhbGciOiJIUzM4NCJ9.eyJjb2RFbXBsb3llZSI6IkIwQUY4QjJCRDNBQTgyMTlBQTY3QzQ5MUY4Mzk4QjA3Iiwic3ViIjoiZGVmYXVsdC1zdWJqZWN0IiwiaXNzIjoiZGVmYXVsdC1pc3N1ZXIiLCJwcmVmZXJyZWRfdXNlcm5hbWUiOiJkZWZhdWx0LXVzZXJuYW1lIiwiaWF0IjoxNzU2NDc4NjMzLCJleHAiOjE3NTY0ODIyMzN9.I3ctAdz5UW5Izm9uGcHwH5LJUo3TIZpNWV7VGfskebmMYa9iO2zQp27--P-g4jiC"}

10:43:54.612 [main] INFO  com.intuit.karate - [print] === TIEMPO DE RESPUESTA DEL FEATURE loginToken === 0.811 s 
10:43:54.648 [main] DEBUG com.intuit.karate - request:
1 > POST http://estaciones-bff-git-dev-front-oss.apps.tmve-nprod-1.tmve-qa.com/api/v1/estaciones/
1 > Content-Type: application/json; charset=UTF-8
1 > X-USER-ID: E11011
1 > X-CORRELATION-ID: 1445|E11011|234234
1 > X-TOKEN-ID: eyJhbGciOiJIUzM4NCJ9.eyJjb2RFbXBsb3llZSI6IkIwQUY4QjJCRDNBQTgyMTlBQTY3QzQ5MUY4Mzk4QjA3Iiwic3ViIjoiZGVmYXVsdC1zdWJqZWN0IiwiaXNzIjoiZGVmYXVsdC1pc3N1ZXIiLCJwcmVmZXJyZWRfdXNlcm5hbWUiOiJkZWZhdWx0LXVzZXJuYW1lIiwiaWF0IjoxNzU2NDc4NjMzLCJleHAiOjE3NTY0ODIyMzN9.I3ctAdz5UW5Izm9uGcHwH5LJUo3TIZpNWV7VGfskebmMYa9iO2zQp27--P-g4jiC
1 > Content-Length: 813
1 > Host: estaciones-bff-git-dev-front-oss.apps.tmve-nprod-1.tmve-qa.com
1 > Connection: Keep-Alive
1 > User-Agent: Apache-HttpClient/4.5.14 (Java/17.0.12)
1 > Accept-Encoding: gzip,deflate
{"codigo":"krt60","nombre":"Estacion Movistar krt","regionId":1,"estadoId":1,"municipioId":1,"parroquiaId":1,"atributos":[{"Estacion Prueba1":"Prueba1","Estacion Prueba2":"Prueba2","Estacion Prueba3":"Prueba3"}],"direccion":{"conglomerado":"conglomerado","nombreConglomerado":"nombreConglomerado","inmueble":"inmueble","nombreInmueble":"nombreInmueble","piso":"1","numero":"1","vialidad":"7","nombreVialidad":"nombreVialidad","vialidad2":"vialidad2","nombreVialidad2":"nombreVialidad2","puntoReferencia":"puntoReferencia","codigoPostal":"codigoPostal","ciudad":"ciudad","parroquia":"parroquia","municipio":"municipio","estado":"estado","pais":"Venezuela","tipoUbicacion":"tipoUbicacion"},"codigoPais":"VE","mercadoId":1,"clusterId":0,"comentAprobacion":"Prueba krt","tmveOwner":true,"estatus":0,"createdBy":"krt"}

10:43:55.434 [main] DEBUG com.intuit.karate - response time in milliseconds: 786
1 < 400
1 < content-length: 302
1 < content-type: application/json
1 < set-cookie: 7ebc866ebb4d2d727ca53353a6c0c030=734d6df9d2a531f96603fab754c67099; path=/; HttpOnly
1 < Set-Cookie: 7ebc866ebb4d2d727ca53353a6c0c030=734d6df9d2a531f96603fab754c67099; path=/; HttpOnly
{"success":false,"data":{"code":"400","status":"BAD_REQUEST","message":"create.request.clusterId: must be greater than or equal to 1","errors":["ve.com.telefonica.application.resources.StationController_Subclass create.request.clusterId: must be greater than or equal to 1"]},"timestamp":1756478635257}

10:43:55.462 [main] ERROR com.intuit.karate - classpath:api/crearEstacionCliente.feature:55
Then status 409
status code was: 400, expected: 409, response time in milliseconds: 786, url: http://estaciones-bff-git-dev-front-oss.apps.tmve-nprod-1.tmve-qa.com/api/v1/estaciones/, response: 
{"success":false,"data":{"code":"400","status":"BAD_REQUEST","message":"create.request.clusterId: must be greater than or equal to 1","errors":["ve.com.telefonica.application.resources.StationController_Subclass create.request.clusterId: must be greater than or equal to 1"]},"timestamp":1756478635257}
classpath:api/crearEstacionCliente.feature:55
10:43:56.231 [main] INFO  com.intuit.karate.Suite - <<fail>> feature 4 of 9 (5 remaining) classpath:api/crearEstacionCliente.feature
10:45:06.737 [main] DEBUG com.intuit.karate.Suite - [config] classpath:karate-config.js
10:45:06.747 [main] WARN  com.intuit.karate.Suite - failed to backup existing dir: target
10:45:06.754 [main] DEBUG com.intuit.karate.Suite - waiting for 9 features to complete
10:45:07.840 [main] INFO  com.intuit.karate - [print] http://ms-auth-oss-git-dev-front-oss.apps.tmve-nprod-1.tmve-qa.com/intraLogin 
10:45:08.126 [main] DEBUG com.intuit.karate - request:
1 > POST http://ms-auth-oss-git-dev-front-oss.apps.tmve-nprod-1.tmve-qa.com/intraLogin
1 > Content-Type: application/json; charset=UTF-8
1 > Content-Length: 39
1 > Host: ms-auth-oss-git-dev-front-oss.apps.tmve-nprod-1.tmve-qa.com
1 > Connection: Keep-Alive
1 > User-Agent: Apache-HttpClient/4.5.14 (Java/17.0.12)
1 > Accept-Encoding: gzip,deflate
{"login":"tns01","clave":"T3st2024.+-"}

10:45:08.895 [main] DEBUG com.intuit.karate - response time in milliseconds: 768
1 < 200
1 < content-type: application/json
1 < content-length: 326
1 < set-cookie: 346a326bcc8fc21fd3f034fd94d160bb=b93258c5db05ebda8c79fad18868405b; path=/; HttpOnly
1 < Set-Cookie: 346a326bcc8fc21fd3f034fd94d160bb=b93258c5db05ebda8c79fad18868405b; path=/; HttpOnly
{"token":"eyJhbGciOiJIUzM4NCJ9.eyJjb2RFbXBsb3llZSI6IjBGQjBGODE1M0I4NDQxNDNERUI1OTE3OTNCOEIyMUM1Iiwic3ViIjoiZGVmYXVsdC1zdWJqZWN0IiwiaXNzIjoiZGVmYXVsdC1pc3N1ZXIiLCJwcmVmZXJyZWRfdXNlcm5hbWUiOiJkZWZhdWx0LXVzZXJuYW1lIiwiaWF0IjoxNzU2NDc4NzA4LCJleHAiOjE3NTY0ODIzMDh9.GaABYMnRzR4DQHTRNZI2IbCR7vw-fUnTXbe7VfhWEy2lW9VyXDzsJK34vTG4XhoW"}

10:45:09.305 [main] INFO  com.intuit.karate - [print] === TIEMPO DE RESPUESTA DEL FEATURE loginToken === 0.768 s 
10:45:09.325 [main] DEBUG com.intuit.karate - request:
1 > POST http://estaciones-bff-git-dev-front-oss.apps.tmve-nprod-1.tmve-qa.com/api/v1/estaciones/
1 > Content-Type: application/json; charset=UTF-8
1 > X-USER-ID: E11011
1 > X-CORRELATION-ID: 1445|E11011|234234
1 > X-TOKEN-ID: eyJhbGciOiJIUzM4NCJ9.eyJjb2RFbXBsb3llZSI6IjBGQjBGODE1M0I4NDQxNDNERUI1OTE3OTNCOEIyMUM1Iiwic3ViIjoiZGVmYXVsdC1zdWJqZWN0IiwiaXNzIjoiZGVmYXVsdC1pc3N1ZXIiLCJwcmVmZXJyZWRfdXNlcm5hbWUiOiJkZWZhdWx0LXVzZXJuYW1lIiwiaWF0IjoxNzU2NDc4NzA4LCJleHAiOjE3NTY0ODIzMDh9.GaABYMnRzR4DQHTRNZI2IbCR7vw-fUnTXbe7VfhWEy2lW9VyXDzsJK34vTG4XhoW
1 > Content-Length: 813
1 > Host: estaciones-bff-git-dev-front-oss.apps.tmve-nprod-1.tmve-qa.com
1 > Connection: Keep-Alive
1 > User-Agent: Apache-HttpClient/4.5.14 (Java/17.0.12)
1 > Accept-Encoding: gzip,deflate
{"codigo":"krt60","nombre":"Estacion Movistar krt","regionId":1,"estadoId":1,"municipioId":1,"parroquiaId":1,"atributos":[{"Estacion Prueba1":"Prueba1","Estacion Prueba2":"Prueba2","Estacion Prueba3":"Prueba3"}],"direccion":{"conglomerado":"conglomerado","nombreConglomerado":"nombreConglomerado","inmueble":"inmueble","nombreInmueble":"nombreInmueble","piso":"1","numero":"1","vialidad":"7","nombreVialidad":"nombreVialidad","vialidad2":"vialidad2","nombreVialidad2":"nombreVialidad2","puntoReferencia":"puntoReferencia","codigoPostal":"codigoPostal","ciudad":"ciudad","parroquia":"parroquia","municipio":"municipio","estado":"estado","pais":"Venezuela","tipoUbicacion":"tipoUbicacion"},"codigoPais":"VE","mercadoId":1,"clusterId":0,"comentAprobacion":"Prueba krt","tmveOwner":true,"estatus":0,"createdBy":"krt"}

10:45:10.177 [main] DEBUG com.intuit.karate - response time in milliseconds: 852
1 < 400
1 < content-length: 302
1 < content-type: application/json
1 < set-cookie: 7ebc866ebb4d2d727ca53353a6c0c030=739fd5a9a7733606de7260d59fb218e7; path=/; HttpOnly
1 < Set-Cookie: 7ebc866ebb4d2d727ca53353a6c0c030=739fd5a9a7733606de7260d59fb218e7; path=/; HttpOnly
{"success":false,"data":{"code":"400","status":"BAD_REQUEST","message":"create.request.clusterId: must be greater than or equal to 1","errors":["ve.com.telefonica.application.resources.StationController_Subclass create.request.clusterId: must be greater than or equal to 1"]},"timestamp":1756478709981}

10:45:10.188 [main] ERROR com.intuit.karate - classpath:api/crearEstacionCliente.feature:55
Then status 409
status code was: 400, expected: 409, response time in milliseconds: 852, url: http://estaciones-bff-git-dev-front-oss.apps.tmve-nprod-1.tmve-qa.com/api/v1/estaciones/, response: 
{"success":false,"data":{"code":"400","status":"BAD_REQUEST","message":"create.request.clusterId: must be greater than or equal to 1","errors":["ve.com.telefonica.application.resources.StationController_Subclass create.request.clusterId: must be greater than or equal to 1"]},"timestamp":1756478709981}
classpath:api/crearEstacionCliente.feature:55
10:45:11.191 [main] INFO  com.intuit.karate.Suite - <<fail>> feature 4 of 9 (5 remaining) classpath:api/crearEstacionCliente.feature
10:46:25.045 [main] DEBUG com.intuit.karate.Suite - [config] classpath:karate-config.js
10:46:25.049 [main] WARN  com.intuit.karate.Suite - failed to backup existing dir: target
10:46:25.061 [main] DEBUG com.intuit.karate.Suite - waiting for 9 features to complete
10:46:26.062 [main] INFO  com.intuit.karate - [print] http://ms-auth-oss-git-dev-front-oss.apps.tmve-nprod-1.tmve-qa.com/intraLogin 
10:46:26.406 [main] DEBUG com.intuit.karate - request:
1 > POST http://ms-auth-oss-git-dev-front-oss.apps.tmve-nprod-1.tmve-qa.com/intraLogin
1 > Content-Type: application/json; charset=UTF-8
1 > Content-Length: 39
1 > Host: ms-auth-oss-git-dev-front-oss.apps.tmve-nprod-1.tmve-qa.com
1 > Connection: Keep-Alive
1 > User-Agent: Apache-HttpClient/4.5.14 (Java/17.0.12)
1 > Accept-Encoding: gzip,deflate
{"login":"tns01","clave":"T3st2024.+-"}

10:46:27.221 [main] DEBUG com.intuit.karate - response time in milliseconds: 809
1 < 200
1 < content-type: application/json
1 < content-length: 326
1 < set-cookie: 346a326bcc8fc21fd3f034fd94d160bb=b93258c5db05ebda8c79fad18868405b; path=/; HttpOnly
1 < Set-Cookie: 346a326bcc8fc21fd3f034fd94d160bb=b93258c5db05ebda8c79fad18868405b; path=/; HttpOnly
{"token":"eyJhbGciOiJIUzM4NCJ9.eyJjb2RFbXBsb3llZSI6IjU2NDE3NDkwRjMyQzVFOTI1OTQxMzM3NzZCNkJGMTdCIiwic3ViIjoiZGVmYXVsdC1zdWJqZWN0IiwiaXNzIjoiZGVmYXVsdC1pc3N1ZXIiLCJwcmVmZXJyZWRfdXNlcm5hbWUiOiJkZWZhdWx0LXVzZXJuYW1lIiwiaWF0IjoxNzU2NDc4Nzg2LCJleHAiOjE3NTY0ODIzODZ9._dchK9nmlR1oqipQWtOpAQ68C4iGIzCzjbbvod913LtsJGTuLUcbqwq7ZE4YeQH4"}

10:46:27.614 [main] INFO  com.intuit.karate - [print] === TIEMPO DE RESPUESTA DEL FEATURE loginToken === 0.809 s 
10:46:27.629 [main] DEBUG com.intuit.karate - request:
1 > POST http://estaciones-bff-git-dev-front-oss.apps.tmve-nprod-1.tmve-qa.com/api/v1/estaciones/
1 > Content-Type: application/json; charset=UTF-8
1 > X-USER-ID: E11011
1 > X-CORRELATION-ID: 1445|E11011|234234
1 > X-TOKEN-ID: eyJhbGciOiJIUzM4NCJ9.eyJjb2RFbXBsb3llZSI6IjU2NDE3NDkwRjMyQzVFOTI1OTQxMzM3NzZCNkJGMTdCIiwic3ViIjoiZGVmYXVsdC1zdWJqZWN0IiwiaXNzIjoiZGVmYXVsdC1pc3N1ZXIiLCJwcmVmZXJyZWRfdXNlcm5hbWUiOiJkZWZhdWx0LXVzZXJuYW1lIiwiaWF0IjoxNzU2NDc4Nzg2LCJleHAiOjE3NTY0ODIzODZ9._dchK9nmlR1oqipQWtOpAQ68C4iGIzCzjbbvod913LtsJGTuLUcbqwq7ZE4YeQH4
1 > Content-Length: 813
1 > Host: estaciones-bff-git-dev-front-oss.apps.tmve-nprod-1.tmve-qa.com
1 > Connection: Keep-Alive
1 > User-Agent: Apache-HttpClient/4.5.14 (Java/17.0.12)
1 > Accept-Encoding: gzip,deflate
{"codigo":"krt60","nombre":"Estacion Movistar krt","regionId":1,"estadoId":1,"municipioId":1,"parroquiaId":1,"atributos":[{"Estacion Prueba1":"Prueba1","Estacion Prueba2":"Prueba2","Estacion Prueba3":"Prueba3"}],"direccion":{"conglomerado":"conglomerado","nombreConglomerado":"nombreConglomerado","inmueble":"inmueble","nombreInmueble":"nombreInmueble","piso":"1","numero":"1","vialidad":"7","nombreVialidad":"nombreVialidad","vialidad2":"vialidad2","nombreVialidad2":"nombreVialidad2","puntoReferencia":"puntoReferencia","codigoPostal":"codigoPostal","ciudad":"ciudad","parroquia":"parroquia","municipio":"municipio","estado":"estado","pais":"Venezuela","tipoUbicacion":"tipoUbicacion"},"codigoPais":"VE","mercadoId":1,"clusterId":0,"comentAprobacion":"Prueba krt","tmveOwner":true,"estatus":0,"createdBy":"krt"}

10:46:28.348 [main] DEBUG com.intuit.karate - response time in milliseconds: 719
1 < 400
1 < content-length: 302
1 < content-type: application/json
1 < set-cookie: 7ebc866ebb4d2d727ca53353a6c0c030=739fd5a9a7733606de7260d59fb218e7; path=/; HttpOnly
1 < Set-Cookie: 7ebc866ebb4d2d727ca53353a6c0c030=739fd5a9a7733606de7260d59fb218e7; path=/; HttpOnly
{"success":false,"data":{"code":"400","status":"BAD_REQUEST","message":"create.request.clusterId: must be greater than or equal to 1","errors":["ve.com.telefonica.application.resources.StationController_Subclass create.request.clusterId: must be greater than or equal to 1"]},"timestamp":1756478788191}

10:46:28.374 [main] INFO  com.intuit.karate - [print] Error creando estacion con cluster en 0: create.request.clusterId: must be greater than or equal to 1 
10:46:28.375 [main] INFO  com.intuit.karate - [print] === TIEMPO DE RESPUESTA DEL FEATURE === 0.719 s 
10:46:28.949 [main] INFO  com.intuit.karate.Suite - <<pass>> feature 4 of 9 (5 remaining) classpath:api/crearEstacionCliente.feature
